<?xml version="1.0" encoding="UTF-8" standalone="yes"?>
<testsuites name="Certpay_Quicksti" time="490" tests="13" failures="0" errors="0">
    <testsuite name="Certpay_Quicksti" tests="13" failures="0" errors="0" time="490" timestamp="2019-09-27 07:18:47" hostname="Pratyusha.Nulu - FW1-D-DTA-ZENQ2" id="Test Suites/Certpay/Certpay_Quicksti">
        <properties>
            <property name="deviceName" value=""/>
            <property name="devicePlatform" value=""/>
            <property name="logFolder" value="C:\\Users\\Pratyusha.Nulu\\Katalon Studio\\FAPS_CERTPAY-quicksti\\Reports\\20190927_071843\\Certpay\\Certpay_Quicksti\\20190927_071843"/>
            <property name="logFiles" value="C:\\Users\\Pratyusha.Nulu\\Katalon Studio\\FAPS_CERTPAY-quicksti\\Reports\\20190927_071843\\Certpay\\Certpay_Quicksti\\20190927_071843\\execution0.log"/>
            <property name="attachments" value=""/>
            <property name="hostName" value="Pratyusha.Nulu - FW1-D-DTA-ZENQ2"/>
            <property name="os" value="Windows 10 64bit"/>
            <property name="katalonVersion" value="6.3.2.4"/>
            <property name="browser" value="Chrome 76.0.3809.100"/>
            <property name="hostAddress" value="172.25.52.169"/>
            <property name="sessionId" value="2562329ac3a762b37d973a0c008ccdbd"/>
            <property name="seleniumVersion" value="3.141.59"/>
            <property name="proxyInformation" value="ProxyInformation{proxyOption=NO_PROXY, proxyServerType=HTTP, password=, proxyServerAddress=, proxyServerPort=0}"/>
            <property name="platform" value="Windows 10"/>
        </properties>
        <testcase name="Test Cases/Certpay_Quicksti/Visa_SingleLinePayment_001" classname="Test Cases/Certpay_Quicksti/Visa_SingleLinePayment_001" status="PASSED">
            <system-out>2019-09-27 07:18:48 - [TEST_CASE][PASSED] - Test Cases/Certpay_Quicksti/Visa_SingleLinePayment_001: Test Cases/Certpay_Quicksti/Visa_SingleLinePayment_001&#xD;
&#xD;
2019-09-27 07:18:48 - [TEST_STEP][PASSED] - Start listener action : beforeTestCase: null&#xD;
&#xD;
2019-09-27 07:18:48 - [TEST_STEP][PASSED] - Start setup action : setupTestCase: Method 'setupTestCase' complete successfully&#xD;
&#xD;
2019-09-27 07:18:49 - [MESSAGE][PASSED] - Method 'setupTestCase' complete successfully&#xD;
&#xD;
2019-09-27 07:18:49 - [TEST_STEP][PASSED] - utilities.SafeActions.openBrowser(Quicksti_Url, [pageLoadTime]): Browser launched successfully&#xD;
&#xD;
2019-09-27 07:18:49 - [MESSAGE][INFO] - Opening Browser&#xD;
&#xD;
2019-09-27 07:18:50 - [MESSAGE][INFO] - Starting 'Chrome' driver&#xD;
&#xD;
2019-09-27 07:18:50 - [MESSAGE][INFO] - Action delay is set to 0 seconds&#xD;
&#xD;
2019-09-27 07:18:57 - [MESSAGE][PASSED] - Browser is opened with url: 'https://qa-certpayquicksti.faps.net/'&#xD;
&#xD;
2019-09-27 07:19:00 - [MESSAGE][PASSED] - Current window maximized&#xD;
&#xD;
2019-09-27 07:19:00 - [MESSAGE][PASSED] - Browser launched successfully&#xD;
&#xD;
2019-09-27 07:19:00 - [TEST_STEP][PASSED] - utilities.SafeActions.safeType(findTestObject("CERTPAY_QUICKSTI/Login_ Page/BUREAU_CODE"), bureau_code, "Bureau code", [pageLoadTime]): Certpay_Quicksti.ts:Entered'6100000 into Bureau code&#xD;
&#xD;
2019-09-27 07:19:00 - [MESSAGE][PASSED] - Object 'Object Repository/CERTPAY_QUICKSTI/Login_ Page/BUREAU_CODE' is present&#xD;
&#xD;
2019-09-27 07:19:00 - [MESSAGE][WARNING] - Timeout '0' is invalid. Using default page load timeout: '30'&#xD;
&#xD;
2019-09-27 07:19:01 - [MESSAGE][PASSED] - Text '6100000' is set on object 'Object Repository/CERTPAY_QUICKSTI/Login_ Page/BUREAU_CODE'&#xD;
&#xD;
2019-09-27 07:19:01 - [MESSAGE][PASSED] - Certpay_Quicksti.ts:Entered'6100000 into Bureau code&#xD;
&#xD;
2019-09-27 07:19:01 - [TEST_STEP][PASSED] - utilities.SafeActions.safeType(findTestObject("CERTPAY_QUICKSTI/Login_ Page/TELLER_ID"), teller_id, "Bureau code", [pageLoadTime]): Certpay_Quicksti.ts:Entered'zenq into Bureau code&#xD;
&#xD;
2019-09-27 07:19:01 - [MESSAGE][PASSED] - Object 'Object Repository/CERTPAY_QUICKSTI/Login_ Page/TELLER_ID' is present&#xD;
&#xD;
2019-09-27 07:19:01 - [MESSAGE][WARNING] - Timeout '0' is invalid. Using default page load timeout: '30'&#xD;
&#xD;
2019-09-27 07:19:02 - [MESSAGE][PASSED] - Text 'zenq' is set on object 'Object Repository/CERTPAY_QUICKSTI/Login_ Page/TELLER_ID'&#xD;
&#xD;
2019-09-27 07:19:02 - [MESSAGE][PASSED] - Certpay_Quicksti.ts:Entered'zenq into Bureau code&#xD;
&#xD;
2019-09-27 07:19:02 - [TEST_STEP][PASSED] - utilities.SafeActions.safeClick(findTestObject("CERTPAY_QUICKSTI/Login_ Page/NEXT_BUTTON"), "Next button", [pageLoadTime]): Certpay_Quicksti.ts:Clicked on the Next button&#xD;
&#xD;
2019-09-27 07:19:02 - [MESSAGE][INFO] - safeClicking&#xD;
&#xD;
2019-09-27 07:19:03 - [MESSAGE][PASSED] - Object 'Object Repository/CERTPAY_QUICKSTI/Login_ Page/NEXT_BUTTON' is present&#xD;
&#xD;
2019-09-27 07:19:03 - [MESSAGE][PASSED] - Object 'Object Repository/CERTPAY_QUICKSTI/Login_ Page/NEXT_BUTTON' is clickable&#xD;
&#xD;
2019-09-27 07:19:03 - [MESSAGE][WARNING] - Timeout '0' is invalid. Using default page load timeout: '30'&#xD;
&#xD;
2019-09-27 07:19:04 - [MESSAGE][PASSED] - Object: 'Object Repository/CERTPAY_QUICKSTI/Login_ Page/NEXT_BUTTON' is clicked on&#xD;
&#xD;
2019-09-27 07:19:04 - [MESSAGE][PASSED] - Certpay_Quicksti.ts:Clicked on the Next button&#xD;
&#xD;
2019-09-27 07:19:04 - [TEST_STEP][PASSED] - utilities.SafeActions.safeClick(findTestObject("CERTPAY_QUICKSTI/Payment_Information_Page/MANUAL_ENTRY_BUTTON"), "ManualEntry", [pageLoadTime]): Certpay_Quicksti.ts:Clicked on the ManualEntry&#xD;
&#xD;
2019-09-27 07:19:04 - [MESSAGE][INFO] - safeClicking&#xD;
&#xD;
2019-09-27 07:19:04 - [MESSAGE][PASSED] - Object 'Object Repository/CERTPAY_QUICKSTI/Payment_Information_Page/MANUAL_ENTRY_BUTTON' is present&#xD;
&#xD;
2019-09-27 07:19:04 - [MESSAGE][PASSED] - Object 'Object Repository/CERTPAY_QUICKSTI/Payment_Information_Page/MANUAL_ENTRY_BUTTON' is clickable&#xD;
&#xD;
2019-09-27 07:19:04 - [MESSAGE][WARNING] - Timeout '0' is invalid. Using default page load timeout: '30'&#xD;
&#xD;
2019-09-27 07:19:05 - [MESSAGE][PASSED] - Object: 'Object Repository/CERTPAY_QUICKSTI/Payment_Information_Page/MANUAL_ENTRY_BUTTON' is clicked on&#xD;
&#xD;
2019-09-27 07:19:05 - [MESSAGE][PASSED] - Certpay_Quicksti.ts:Clicked on the ManualEntry&#xD;
&#xD;
2019-09-27 07:19:05 - [TEST_STEP][PASSED] - CardNumber = pages.Quicksti.setUserPaymentDetails(firstName, lastName, VISA): Certpay_Quicksti.ts:Entered'4358809181126610 into CardNum&#xD;
&#xD;
2019-09-27 07:19:05 - [MESSAGE][PASSED] - Object 'Object Repository/CERTPAY_QUICKSTI/Payment_Information_Page/FIRST_NAME' is present&#xD;
&#xD;
2019-09-27 07:19:05 - [MESSAGE][WARNING] - Timeout '0' is invalid. Using default page load timeout: '30'&#xD;
&#xD;
2019-09-27 07:19:06 - [MESSAGE][PASSED] - Text 'Prthyusha' is set on object 'Object Repository/CERTPAY_QUICKSTI/Payment_Information_Page/FIRST_NAME'&#xD;
&#xD;
2019-09-27 07:19:06 - [MESSAGE][PASSED] - Certpay_Quicksti.ts:Entered'Prthyusha into FirstName&#xD;
&#xD;
2019-09-27 07:19:06 - [MESSAGE][PASSED] - Object 'Object Repository/CERTPAY_QUICKSTI/Payment_Information_Page/LAST_NAME' is present&#xD;
&#xD;
2019-09-27 07:19:06 - [MESSAGE][WARNING] - Timeout '0' is invalid. Using default page load timeout: '30'&#xD;
&#xD;
2019-09-27 07:19:07 - [MESSAGE][PASSED] - Text 'Nulu' is set on object 'Object Repository/CERTPAY_QUICKSTI/Payment_Information_Page/LAST_NAME'&#xD;
&#xD;
2019-09-27 07:19:07 - [MESSAGE][PASSED] - Certpay_Quicksti.ts:Entered'Nulu into LAstName&#xD;
&#xD;
2019-09-27 07:19:07 - [MESSAGE][PASSED] - Object 'Object Repository/CERTPAY_QUICKSTI/Payment_Information_Page/CARD_NUMBER' is present&#xD;
&#xD;
2019-09-27 07:19:07 - [MESSAGE][WARNING] - Timeout '0' is invalid. Using default page load timeout: '30'&#xD;
&#xD;
2019-09-27 07:19:08 - [MESSAGE][PASSED] - Text '4358809181126610' is set on object 'Object Repository/CERTPAY_QUICKSTI/Payment_Information_Page/CARD_NUMBER'&#xD;
&#xD;
2019-09-27 07:19:08 - [MESSAGE][PASSED] - Certpay_Quicksti.ts:Entered'4358809181126610 into CardNum&#xD;
&#xD;
2019-09-27 07:19:08 - [TEST_STEP][PASSED] - utilities.SafeActions.safeSelectOptionInDropdownByVisibleText(findTestObject("CERTPAY_QUICKSTI/Payment_Information_Page/PAYMENT_TYPE"), "Taxes", "paymentType", [pageLoadTime]): selected dropdown option by visible text  Taxesfrom paymentType&#xD;
&#xD;
2019-09-27 07:19:08 - [MESSAGE][PASSED] - Object 'Object Repository/CERTPAY_QUICKSTI/Payment_Information_Page/PAYMENT_TYPE' is present&#xD;
&#xD;
2019-09-27 07:19:08 - [MESSAGE][PASSED] - Object: 'Object Repository/CERTPAY_QUICKSTI/Payment_Information_Page/PAYMENT_TYPE' is clicked on&#xD;
&#xD;
2019-09-27 07:19:09 - [MESSAGE][PASSED] - All options with label 'Taxes' are selected in object 'Object Repository/CERTPAY_QUICKSTI/Payment_Information_Page/PAYMENT_TYPE' &#xD;
&#xD;
2019-09-27 07:19:09 - [MESSAGE][PASSED] - selected dropdown option by visible text  Taxesfrom paymentType&#xD;
&#xD;
2019-09-27 07:19:09 - [TEST_STEP][PASSED] - pages.Quicksti.setExpDate(expMonth, expYear, securityCode): Certpay_Quicksti.ts:Entered'111 into securityCode&#xD;
&#xD;
2019-09-27 07:19:09 - [MESSAGE][PASSED] - Object 'Object Repository/CERTPAY_QUICKSTI/Payment_Information_Page/EXP_MONTH' is present&#xD;
&#xD;
2019-09-27 07:19:09 - [MESSAGE][PASSED] - Object: 'Object Repository/CERTPAY_QUICKSTI/Payment_Information_Page/EXP_MONTH' is clicked on&#xD;
&#xD;
2019-09-27 07:19:10 - [MESSAGE][PASSED] - All options with label '03' are selected in object 'Object Repository/CERTPAY_QUICKSTI/Payment_Information_Page/EXP_MONTH' &#xD;
&#xD;
2019-09-27 07:19:10 - [MESSAGE][PASSED] - selected dropdown option by visible text  03from expMonth&#xD;
&#xD;
2019-09-27 07:19:10 - [MESSAGE][PASSED] - Object 'Object Repository/CERTPAY_QUICKSTI/Payment_Information_Page/EXP_YEAR' is present&#xD;
&#xD;
2019-09-27 07:19:10 - [MESSAGE][PASSED] - Object: 'Object Repository/CERTPAY_QUICKSTI/Payment_Information_Page/EXP_YEAR' is clicked on&#xD;
&#xD;
2019-09-27 07:19:11 - [MESSAGE][PASSED] - All options with label '2020' are selected in object 'Object Repository/CERTPAY_QUICKSTI/Payment_Information_Page/EXP_YEAR' &#xD;
&#xD;
2019-09-27 07:19:11 - [MESSAGE][PASSED] - selected dropdown option by visible text  2020from  expYear&#xD;
&#xD;
2019-09-27 07:19:11 - [MESSAGE][PASSED] - Object 'Object Repository/CERTPAY_QUICKSTI/Payment_Information_Page/SECURITY_CODE' is present&#xD;
&#xD;
2019-09-27 07:19:11 - [MESSAGE][WARNING] - Timeout '0' is invalid. Using default page load timeout: '30'&#xD;
&#xD;
2019-09-27 07:19:11 - [MESSAGE][PASSED] - Text '111' is set on object 'Object Repository/CERTPAY_QUICKSTI/Payment_Information_Page/SECURITY_CODE'&#xD;
&#xD;
2019-09-27 07:19:11 - [MESSAGE][PASSED] - Certpay_Quicksti.ts:Entered'111 into securityCode&#xD;
&#xD;
2019-09-27 07:19:11 - [TEST_STEP][PASSED] - pages.Quicksti.setPaymentAmountDetailsForSinglePayment(paymentAmount, quantity): Certpay_Quicksti.ts:Entered'2 into Quantity&#xD;
&#xD;
2019-09-27 07:19:12 - [MESSAGE][PASSED] - Object 'Object Repository/CERTPAY_QUICKSTI/Payment_Information_Page/PAYMENT_AMOUNT' is present&#xD;
&#xD;
2019-09-27 07:19:12 - [MESSAGE][WARNING] - Timeout '0' is invalid. Using default page load timeout: '30'&#xD;
&#xD;
2019-09-27 07:19:12 - [MESSAGE][PASSED] - Text '15.00' is set on object 'Object Repository/CERTPAY_QUICKSTI/Payment_Information_Page/PAYMENT_AMOUNT'&#xD;
&#xD;
2019-09-27 07:19:12 - [MESSAGE][PASSED] - Certpay_Quicksti.ts:Entered'15.00 into amount&#xD;
&#xD;
2019-09-27 07:19:12 - [MESSAGE][PASSED] - Object 'Object Repository/CERTPAY_QUICKSTI/Payment_Information_Page/QUANTITY' is present&#xD;
&#xD;
2019-09-27 07:19:12 - [MESSAGE][WARNING] - Timeout '0' is invalid. Using default page load timeout: '30'&#xD;
&#xD;
2019-09-27 07:19:13 - [MESSAGE][PASSED] - Text '2' is set on object 'Object Repository/CERTPAY_QUICKSTI/Payment_Information_Page/QUANTITY'&#xD;
&#xD;
2019-09-27 07:19:13 - [MESSAGE][PASSED] - Certpay_Quicksti.ts:Entered'2 into Quantity&#xD;
&#xD;
2019-09-27 07:19:13 - [TEST_STEP][PASSED] - utilities.SafeActions.safeType(findTestObject("CERTPAY_QUICKSTI/Payment_Information_Page/REFRENCE_NUMBER"), referenceNum, "Bureau code", [pageLoadTime]): Certpay_Quicksti.ts:Entered'11 into Bureau code&#xD;
&#xD;
2019-09-27 07:19:13 - [MESSAGE][PASSED] - Object 'Object Repository/CERTPAY_QUICKSTI/Payment_Information_Page/REFRENCE_NUMBER' is present&#xD;
&#xD;
2019-09-27 07:19:13 - [MESSAGE][WARNING] - Timeout '0' is invalid. Using default page load timeout: '30'&#xD;
&#xD;
2019-09-27 07:19:14 - [MESSAGE][PASSED] - Text '11' is set on object 'Object Repository/CERTPAY_QUICKSTI/Payment_Information_Page/REFRENCE_NUMBER'&#xD;
&#xD;
2019-09-27 07:19:14 - [MESSAGE][PASSED] - Certpay_Quicksti.ts:Entered'11 into Bureau code&#xD;
&#xD;
2019-09-27 07:19:14 - [TEST_STEP][PASSED] - utilities.SafeActions.safeType(findTestObject("CERTPAY_QUICKSTI/Payment_Information_Page/COMMENTS"), "Testing", "Comments", [pageLoadTime]): Certpay_Quicksti.ts:Entered'Testing into Comments&#xD;
&#xD;
2019-09-27 07:19:14 - [MESSAGE][PASSED] - Object 'Object Repository/CERTPAY_QUICKSTI/Payment_Information_Page/COMMENTS' is present&#xD;
&#xD;
2019-09-27 07:19:14 - [MESSAGE][WARNING] - Timeout '0' is invalid. Using default page load timeout: '30'&#xD;
&#xD;
2019-09-27 07:19:15 - [MESSAGE][PASSED] - Text 'Testing' is set on object 'Object Repository/CERTPAY_QUICKSTI/Payment_Information_Page/COMMENTS'&#xD;
&#xD;
2019-09-27 07:19:15 - [MESSAGE][PASSED] - Certpay_Quicksti.ts:Entered'Testing into Comments&#xD;
&#xD;
2019-09-27 07:19:15 - [TEST_STEP][PASSED] - utilities.SafeActions.safeType(findTestObject("CERTPAY_QUICKSTI/Payment_Information_Page/ADDRESS"), address, "Address", [pageLoadTime]): Certpay_Quicksti.ts:Entered'14-6 into Address&#xD;
&#xD;
2019-09-27 07:19:15 - [MESSAGE][PASSED] - Object 'Object Repository/CERTPAY_QUICKSTI/Payment_Information_Page/ADDRESS' is present&#xD;
&#xD;
2019-09-27 07:19:15 - [MESSAGE][WARNING] - Timeout '0' is invalid. Using default page load timeout: '30'&#xD;
&#xD;
2019-09-27 07:19:16 - [MESSAGE][PASSED] - Text '14-6' is set on object 'Object Repository/CERTPAY_QUICKSTI/Payment_Information_Page/ADDRESS'&#xD;
&#xD;
2019-09-27 07:19:16 - [MESSAGE][PASSED] - Certpay_Quicksti.ts:Entered'14-6 into Address&#xD;
&#xD;
2019-09-27 07:19:16 - [TEST_STEP][PASSED] - utilities.SafeActions.safeType(findTestObject("CERTPAY_QUICKSTI/Payment_Information_Page/ZIP_CODE"), zipCode, "zipcode", [pageLoadTime]): Certpay_Quicksti.ts:Entered'76102 into zipcode&#xD;
&#xD;
2019-09-27 07:19:16 - [MESSAGE][PASSED] - Object 'Object Repository/CERTPAY_QUICKSTI/Payment_Information_Page/ZIP_CODE' is present&#xD;
&#xD;
2019-09-27 07:19:16 - [MESSAGE][WARNING] - Timeout '0' is invalid. Using default page load timeout: '30'&#xD;
&#xD;
2019-09-27 07:19:17 - [MESSAGE][PASSED] - Text '76102' is set on object 'Object Repository/CERTPAY_QUICKSTI/Payment_Information_Page/ZIP_CODE'&#xD;
&#xD;
2019-09-27 07:19:17 - [MESSAGE][PASSED] - Certpay_Quicksti.ts:Entered'76102 into zipcode&#xD;
&#xD;
2019-09-27 07:19:17 - [TEST_STEP][PASSED] - utilities.SafeActions.safeType(findTestObject("CERTPAY_QUICKSTI/Payment_Information_Page/TELEPHONE"), telephone, "Telephone", [pageLoadTime]): Certpay_Quicksti.ts:Entered'9696404001 into Telephone&#xD;
&#xD;
2019-09-27 07:19:17 - [MESSAGE][PASSED] - Object 'Object Repository/CERTPAY_QUICKSTI/Payment_Information_Page/TELEPHONE' is present&#xD;
&#xD;
2019-09-27 07:19:17 - [MESSAGE][WARNING] - Timeout '0' is invalid. Using default page load timeout: '30'&#xD;
&#xD;
2019-09-27 07:19:17 - [MESSAGE][PASSED] - Text '9696404001' is set on object 'Object Repository/CERTPAY_QUICKSTI/Payment_Information_Page/TELEPHONE'&#xD;
&#xD;
2019-09-27 07:19:17 - [MESSAGE][PASSED] - Certpay_Quicksti.ts:Entered'9696404001 into Telephone&#xD;
&#xD;
2019-09-27 07:19:17 - [TEST_STEP][PASSED] - utilities.SafeActions.safeType(findTestObject("CERTPAY_QUICKSTI/Payment_Information_Page/EMAIL_ADDRESS"), emailAddress, "EMAIL address", [pageLoadTime]): Certpay_Quicksti.ts:Entered'testing@zenq.com into EMAIL address&#xD;
&#xD;
2019-09-27 07:19:18 - [MESSAGE][PASSED] - Object 'Object Repository/CERTPAY_QUICKSTI/Payment_Information_Page/EMAIL_ADDRESS' is present&#xD;
&#xD;
2019-09-27 07:19:18 - [MESSAGE][WARNING] - Timeout '0' is invalid. Using default page load timeout: '30'&#xD;
&#xD;
2019-09-27 07:19:18 - [MESSAGE][PASSED] - Text 'testing@zenq.com' is set on object 'Object Repository/CERTPAY_QUICKSTI/Payment_Information_Page/EMAIL_ADDRESS'&#xD;
&#xD;
2019-09-27 07:19:18 - [MESSAGE][PASSED] - Certpay_Quicksti.ts:Entered'testing@zenq.com into EMAIL address&#xD;
&#xD;
2019-09-27 07:19:18 - [TEST_STEP][PASSED] - utilities.SafeActions.safeClick(findTestObject("CERTPAY_QUICKSTI/Payment_Information_Page/NEXT_BUTTON"), "Next", [pageLoadTime]): Certpay_Quicksti.ts:Clicked on the Next&#xD;
&#xD;
2019-09-27 07:19:18 - [MESSAGE][INFO] - safeClicking&#xD;
&#xD;
2019-09-27 07:19:18 - [MESSAGE][PASSED] - Object 'Object Repository/CERTPAY_QUICKSTI/Payment_Information_Page/NEXT_BUTTON' is present&#xD;
&#xD;
2019-09-27 07:19:19 - [MESSAGE][PASSED] - Object 'Object Repository/CERTPAY_QUICKSTI/Payment_Information_Page/NEXT_BUTTON' is clickable&#xD;
&#xD;
2019-09-27 07:19:19 - [MESSAGE][WARNING] - Timeout '0' is invalid. Using default page load timeout: '30'&#xD;
&#xD;
2019-09-27 07:19:19 - [MESSAGE][PASSED] - Object: 'Object Repository/CERTPAY_QUICKSTI/Payment_Information_Page/NEXT_BUTTON' is clicked on&#xD;
&#xD;
2019-09-27 07:19:19 - [MESSAGE][PASSED] - Certpay_Quicksti.ts:Clicked on the Next&#xD;
&#xD;
2019-09-27 07:19:19 - [TEST_STEP][PASSED] - pages.Quicksti.verifyUserPaymentDetails(paymentAmount, firstName, lastName, CardNumber): pages.Quicksti.verifyUserPaymentDetails is PASSED&#xD;
&#xD;
2019-09-27 07:19:19 - [MESSAGE][PASSED] - Text of object 'Object Repository/CERTPAY_QUICKSTI/Payment_Details_Verification_Page/AMOUNT' is: '$15.00'&#xD;
&#xD;
2019-09-27 07:19:19 - [MESSAGE][PASSED] - Actual text '15.00' and expected text '15.00' are matched  using regular expression&#xD;
&#xD;
2019-09-27 07:19:20 - [MESSAGE][PASSED] - Text of object 'Object Repository/CERTPAY_QUICKSTI/Payment_Details_Verification_Page/NAME' is: 'Prthyusha Nulu'&#xD;
&#xD;
2019-09-27 07:19:20 - [MESSAGE][PASSED] - Actual text 'Prthyusha Nulu' and expected text 'Prthyusha Nulu' are matched  using regular expression&#xD;
&#xD;
2019-09-27 07:19:20 - [MESSAGE][PASSED] - Text of object 'Object Repository/CERTPAY_QUICKSTI/Payment_Details_Verification_Page/CARD_NUMBER' is: '...6610'&#xD;
&#xD;
2019-09-27 07:19:20 - [MESSAGE][PASSED] - Actual text '6610' and expected text '6610' are matched  using regular expression&#xD;
&#xD;
2019-09-27 07:19:20 - [MESSAGE][PASSED] - pages.Quicksti.verifyUserPaymentDetails is PASSED&#xD;
&#xD;
2019-09-27 07:19:20 - [TEST_STEP][PASSED] - delay(2): Delayed 2 second(s)&#xD;
&#xD;
2019-09-27 07:19:22 - [MESSAGE][PASSED] - Delayed 2 second(s)&#xD;
&#xD;
2019-09-27 07:19:22 - [TEST_STEP][PASSED] - scrollToElement(findTestObject("CERTPAY_QUICKSTI/Payment_Details_Verification_Page/PROCESS"), 0): Scroll to object 'Object Repository/CERTPAY_QUICKSTI/Payment_Details_Verification_Page/PROCESS' successfully&#xD;
&#xD;
2019-09-27 07:19:22 - [MESSAGE][WARNING] - Timeout '0' is invalid. Using default page load timeout: '30'&#xD;
&#xD;
2019-09-27 07:19:22 - [MESSAGE][PASSED] - Scroll to object 'Object Repository/CERTPAY_QUICKSTI/Payment_Details_Verification_Page/PROCESS' successfully&#xD;
&#xD;
2019-09-27 07:19:22 - [TEST_STEP][PASSED] - utilities.SafeActions.safeClick(findTestObject("CERTPAY_QUICKSTI/Payment_Details_Verification_Page/PROCESS"), "Process", [pageLoadTime]): Certpay_Quicksti.ts:Clicked on the Process&#xD;
&#xD;
2019-09-27 07:19:22 - [MESSAGE][INFO] - safeClicking&#xD;
&#xD;
2019-09-27 07:19:22 - [MESSAGE][PASSED] - Object 'Object Repository/CERTPAY_QUICKSTI/Payment_Details_Verification_Page/PROCESS' is present&#xD;
&#xD;
2019-09-27 07:19:22 - [MESSAGE][PASSED] - Object 'Object Repository/CERTPAY_QUICKSTI/Payment_Details_Verification_Page/PROCESS' is clickable&#xD;
&#xD;
2019-09-27 07:19:22 - [MESSAGE][WARNING] - Timeout '0' is invalid. Using default page load timeout: '30'&#xD;
&#xD;
2019-09-27 07:19:25 - [MESSAGE][PASSED] - Object: 'Object Repository/CERTPAY_QUICKSTI/Payment_Details_Verification_Page/PROCESS' is clicked on&#xD;
&#xD;
2019-09-27 07:19:25 - [MESSAGE][PASSED] - Certpay_Quicksti.ts:Clicked on the Process&#xD;
&#xD;
2019-09-27 07:19:25 - [TEST_STEP][PASSED] - PaymentId = pages.Quicksti.verifyPaymentApproval(findTestObject("CERTPAY_QUICKSTI/Payment_Details_Verification_Page/APPROVED")): Payment is approved&#xD;
&#xD;
2019-09-27 07:19:25 - [MESSAGE][PASSED] - Text of object 'Object Repository/CERTPAY_QUICKSTI/Payment_Details_Verification_Page/PAYMENT_ID' is: '100176026086'&#xD;
&#xD;
2019-09-27 07:19:25 - [MESSAGE][WARNING] - Timeout '0' is invalid. Using default page load timeout: '30'&#xD;
&#xD;
2019-09-27 07:19:25 - [MESSAGE][PASSED] - Object 'Object Repository/CERTPAY_QUICKSTI/Payment_Details_Verification_Page/APPROVED' is present&#xD;
&#xD;
2019-09-27 07:19:25 - [MESSAGE][PASSED] - Payment is approved&#xD;
&#xD;
2019-09-27 07:19:27 - [TEST_STEP][PASSED] - closeBrowser(): Browser is closed&#xD;
&#xD;
2019-09-27 07:19:28 - [MESSAGE][PASSED] - Browser is closed&#xD;
&#xD;
2019-09-27 07:19:28 - [TEST_STEP][PASSED] - Start tear down : tearDownTestCase: Method 'tearDownTestCase' complete successfully&#xD;
&#xD;
2019-09-27 07:19:28 - [MESSAGE][PASSED] - Method 'tearDownTestCase' complete successfully&#xD;
&#xD;
2019-09-27 07:19:28 - [TEST_STEP][PASSED] - Start listener action : afterTestCase: null</system-out>
            <system-err></system-err>
        </testcase>
        <testcase name="Test Cases/Certpay_Quicksti/Visa_SingleLinePayment_001" classname="Test Cases/Certpay_Quicksti/Visa_SingleLinePayment_001" status="PASSED">
            <system-out>2019-09-27 07:19:28 - [TEST_CASE][PASSED] - Test Cases/Certpay_Quicksti/Visa_SingleLinePayment_001: Test Cases/Certpay_Quicksti/Visa_SingleLinePayment_001&#xD;
&#xD;
2019-09-27 07:19:28 - [TEST_STEP][PASSED] - Start listener action : beforeTestCase: null&#xD;
&#xD;
2019-09-27 07:19:28 - [TEST_STEP][PASSED] - Start setup action : setupTestCase: Method 'setupTestCase' complete successfully&#xD;
&#xD;
2019-09-27 07:19:28 - [MESSAGE][PASSED] - Method 'setupTestCase' complete successfully&#xD;
&#xD;
2019-09-27 07:19:28 - [TEST_STEP][PASSED] - utilities.SafeActions.openBrowser(Quicksti_Url, [pageLoadTime]): Browser launched successfully&#xD;
&#xD;
2019-09-27 07:19:28 - [MESSAGE][INFO] - Opening Browser&#xD;
&#xD;
2019-09-27 07:19:28 - [MESSAGE][INFO] - Starting 'Chrome' driver&#xD;
&#xD;
2019-09-27 07:19:35 - [MESSAGE][PASSED] - Browser is opened with url: 'https://qa-certpayquicksti.faps.net/'&#xD;
&#xD;
2019-09-27 07:19:39 - [MESSAGE][PASSED] - Current window maximized&#xD;
&#xD;
2019-09-27 07:19:39 - [MESSAGE][PASSED] - Browser launched successfully&#xD;
&#xD;
2019-09-27 07:19:39 - [TEST_STEP][PASSED] - utilities.SafeActions.safeType(findTestObject("CERTPAY_QUICKSTI/Login_ Page/BUREAU_CODE"), bureau_code, "Bureau code", [pageLoadTime]): Certpay_Quicksti.ts:Entered'6100000 into Bureau code&#xD;
&#xD;
2019-09-27 07:19:39 - [MESSAGE][PASSED] - Object 'Object Repository/CERTPAY_QUICKSTI/Login_ Page/BUREAU_CODE' is present&#xD;
&#xD;
2019-09-27 07:19:39 - [MESSAGE][WARNING] - Timeout '0' is invalid. Using default page load timeout: '30'&#xD;
&#xD;
2019-09-27 07:19:39 - [MESSAGE][PASSED] - Text '6100000' is set on object 'Object Repository/CERTPAY_QUICKSTI/Login_ Page/BUREAU_CODE'&#xD;
&#xD;
2019-09-27 07:19:39 - [MESSAGE][PASSED] - Certpay_Quicksti.ts:Entered'6100000 into Bureau code&#xD;
&#xD;
2019-09-27 07:19:39 - [TEST_STEP][PASSED] - utilities.SafeActions.safeType(findTestObject("CERTPAY_QUICKSTI/Login_ Page/TELLER_ID"), teller_id, "Bureau code", [pageLoadTime]): Certpay_Quicksti.ts:Entered'zenq into Bureau code&#xD;
&#xD;
2019-09-27 07:19:40 - [MESSAGE][PASSED] - Object 'Object Repository/CERTPAY_QUICKSTI/Login_ Page/TELLER_ID' is present&#xD;
&#xD;
2019-09-27 07:19:40 - [MESSAGE][WARNING] - Timeout '0' is invalid. Using default page load timeout: '30'&#xD;
&#xD;
2019-09-27 07:19:40 - [MESSAGE][PASSED] - Text 'zenq' is set on object 'Object Repository/CERTPAY_QUICKSTI/Login_ Page/TELLER_ID'&#xD;
&#xD;
2019-09-27 07:19:40 - [MESSAGE][PASSED] - Certpay_Quicksti.ts:Entered'zenq into Bureau code&#xD;
&#xD;
2019-09-27 07:19:40 - [TEST_STEP][PASSED] - utilities.SafeActions.safeClick(findTestObject("CERTPAY_QUICKSTI/Login_ Page/NEXT_BUTTON"), "Next button", [pageLoadTime]): Certpay_Quicksti.ts:Clicked on the Next button&#xD;
&#xD;
2019-09-27 07:19:40 - [MESSAGE][INFO] - safeClicking&#xD;
&#xD;
2019-09-27 07:19:40 - [MESSAGE][PASSED] - Object 'Object Repository/CERTPAY_QUICKSTI/Login_ Page/NEXT_BUTTON' is present&#xD;
&#xD;
2019-09-27 07:19:40 - [MESSAGE][PASSED] - Object 'Object Repository/CERTPAY_QUICKSTI/Login_ Page/NEXT_BUTTON' is clickable&#xD;
&#xD;
2019-09-27 07:19:40 - [MESSAGE][WARNING] - Timeout '0' is invalid. Using default page load timeout: '30'&#xD;
&#xD;
2019-09-27 07:19:41 - [MESSAGE][PASSED] - Object: 'Object Repository/CERTPAY_QUICKSTI/Login_ Page/NEXT_BUTTON' is clicked on&#xD;
&#xD;
2019-09-27 07:19:41 - [MESSAGE][PASSED] - Certpay_Quicksti.ts:Clicked on the Next button&#xD;
&#xD;
2019-09-27 07:19:41 - [TEST_STEP][PASSED] - utilities.SafeActions.safeClick(findTestObject("CERTPAY_QUICKSTI/Payment_Information_Page/MANUAL_ENTRY_BUTTON"), "ManualEntry", [pageLoadTime]): Certpay_Quicksti.ts:Clicked on the ManualEntry&#xD;
&#xD;
2019-09-27 07:19:42 - [MESSAGE][INFO] - safeClicking&#xD;
&#xD;
2019-09-27 07:19:42 - [MESSAGE][PASSED] - Object 'Object Repository/CERTPAY_QUICKSTI/Payment_Information_Page/MANUAL_ENTRY_BUTTON' is present&#xD;
&#xD;
2019-09-27 07:19:42 - [MESSAGE][PASSED] - Object 'Object Repository/CERTPAY_QUICKSTI/Payment_Information_Page/MANUAL_ENTRY_BUTTON' is clickable&#xD;
&#xD;
2019-09-27 07:19:42 - [MESSAGE][WARNING] - Timeout '0' is invalid. Using default page load timeout: '30'&#xD;
&#xD;
2019-09-27 07:19:43 - [MESSAGE][PASSED] - Object: 'Object Repository/CERTPAY_QUICKSTI/Payment_Information_Page/MANUAL_ENTRY_BUTTON' is clicked on&#xD;
&#xD;
2019-09-27 07:19:43 - [MESSAGE][PASSED] - Certpay_Quicksti.ts:Clicked on the ManualEntry&#xD;
&#xD;
2019-09-27 07:19:43 - [TEST_STEP][PASSED] - CardNumber = pages.Quicksti.setUserPaymentDetails(firstName, lastName, VISA): Certpay_Quicksti.ts:Entered'4358809181126610 into CardNum&#xD;
&#xD;
2019-09-27 07:19:43 - [MESSAGE][PASSED] - Object 'Object Repository/CERTPAY_QUICKSTI/Payment_Information_Page/FIRST_NAME' is present&#xD;
&#xD;
2019-09-27 07:19:43 - [MESSAGE][WARNING] - Timeout '0' is invalid. Using default page load timeout: '30'&#xD;
&#xD;
2019-09-27 07:19:43 - [MESSAGE][PASSED] - Text 'Venkata Sai' is set on object 'Object Repository/CERTPAY_QUICKSTI/Payment_Information_Page/FIRST_NAME'&#xD;
&#xD;
2019-09-27 07:19:43 - [MESSAGE][PASSED] - Certpay_Quicksti.ts:Entered'Venkata Sai into FirstName&#xD;
&#xD;
2019-09-27 07:19:44 - [MESSAGE][PASSED] - Object 'Object Repository/CERTPAY_QUICKSTI/Payment_Information_Page/LAST_NAME' is present&#xD;
&#xD;
2019-09-27 07:19:44 - [MESSAGE][WARNING] - Timeout '0' is invalid. Using default page load timeout: '30'&#xD;
&#xD;
2019-09-27 07:19:44 - [MESSAGE][PASSED] - Text 'Annam' is set on object 'Object Repository/CERTPAY_QUICKSTI/Payment_Information_Page/LAST_NAME'&#xD;
&#xD;
2019-09-27 07:19:44 - [MESSAGE][PASSED] - Certpay_Quicksti.ts:Entered'Annam into LAstName&#xD;
&#xD;
2019-09-27 07:19:44 - [MESSAGE][PASSED] - Object 'Object Repository/CERTPAY_QUICKSTI/Payment_Information_Page/CARD_NUMBER' is present&#xD;
&#xD;
2019-09-27 07:19:44 - [MESSAGE][WARNING] - Timeout '0' is invalid. Using default page load timeout: '30'&#xD;
&#xD;
2019-09-27 07:19:45 - [MESSAGE][PASSED] - Text '4358809181126610' is set on object 'Object Repository/CERTPAY_QUICKSTI/Payment_Information_Page/CARD_NUMBER'&#xD;
&#xD;
2019-09-27 07:19:45 - [MESSAGE][PASSED] - Certpay_Quicksti.ts:Entered'4358809181126610 into CardNum&#xD;
&#xD;
2019-09-27 07:19:45 - [TEST_STEP][PASSED] - utilities.SafeActions.safeSelectOptionInDropdownByVisibleText(findTestObject("CERTPAY_QUICKSTI/Payment_Information_Page/PAYMENT_TYPE"), "Taxes", "paymentType", [pageLoadTime]): selected dropdown option by visible text  Taxesfrom paymentType&#xD;
&#xD;
2019-09-27 07:19:45 - [MESSAGE][PASSED] - Object 'Object Repository/CERTPAY_QUICKSTI/Payment_Information_Page/PAYMENT_TYPE' is present&#xD;
&#xD;
2019-09-27 07:19:45 - [MESSAGE][PASSED] - Object: 'Object Repository/CERTPAY_QUICKSTI/Payment_Information_Page/PAYMENT_TYPE' is clicked on&#xD;
&#xD;
2019-09-27 07:19:46 - [MESSAGE][PASSED] - All options with label 'Taxes' are selected in object 'Object Repository/CERTPAY_QUICKSTI/Payment_Information_Page/PAYMENT_TYPE' &#xD;
&#xD;
2019-09-27 07:19:46 - [MESSAGE][PASSED] - selected dropdown option by visible text  Taxesfrom paymentType&#xD;
&#xD;
2019-09-27 07:19:46 - [TEST_STEP][PASSED] - pages.Quicksti.setExpDate(expMonth, expYear, securityCode): Certpay_Quicksti.ts:Entered'111 into securityCode&#xD;
&#xD;
2019-09-27 07:19:46 - [MESSAGE][PASSED] - Object 'Object Repository/CERTPAY_QUICKSTI/Payment_Information_Page/EXP_MONTH' is present&#xD;
&#xD;
2019-09-27 07:19:46 - [MESSAGE][PASSED] - Object: 'Object Repository/CERTPAY_QUICKSTI/Payment_Information_Page/EXP_MONTH' is clicked on&#xD;
&#xD;
2019-09-27 07:19:47 - [MESSAGE][PASSED] - All options with label '03' are selected in object 'Object Repository/CERTPAY_QUICKSTI/Payment_Information_Page/EXP_MONTH' &#xD;
&#xD;
2019-09-27 07:19:47 - [MESSAGE][PASSED] - selected dropdown option by visible text  03from expMonth&#xD;
&#xD;
2019-09-27 07:19:47 - [MESSAGE][PASSED] - Object 'Object Repository/CERTPAY_QUICKSTI/Payment_Information_Page/EXP_YEAR' is present&#xD;
&#xD;
2019-09-27 07:19:47 - [MESSAGE][PASSED] - Object: 'Object Repository/CERTPAY_QUICKSTI/Payment_Information_Page/EXP_YEAR' is clicked on&#xD;
&#xD;
2019-09-27 07:19:48 - [MESSAGE][PASSED] - All options with label '2020' are selected in object 'Object Repository/CERTPAY_QUICKSTI/Payment_Information_Page/EXP_YEAR' &#xD;
&#xD;
2019-09-27 07:19:48 - [MESSAGE][PASSED] - selected dropdown option by visible text  2020from  expYear&#xD;
&#xD;
2019-09-27 07:19:48 - [MESSAGE][PASSED] - Object 'Object Repository/CERTPAY_QUICKSTI/Payment_Information_Page/SECURITY_CODE' is present&#xD;
&#xD;
2019-09-27 07:19:48 - [MESSAGE][WARNING] - Timeout '0' is invalid. Using default page load timeout: '30'&#xD;
&#xD;
2019-09-27 07:19:48 - [MESSAGE][PASSED] - Text '111' is set on object 'Object Repository/CERTPAY_QUICKSTI/Payment_Information_Page/SECURITY_CODE'&#xD;
&#xD;
2019-09-27 07:19:48 - [MESSAGE][PASSED] - Certpay_Quicksti.ts:Entered'111 into securityCode&#xD;
&#xD;
2019-09-27 07:19:48 - [TEST_STEP][PASSED] - pages.Quicksti.setPaymentAmountDetailsForSinglePayment(paymentAmount, quantity): Certpay_Quicksti.ts:Entered'2 into Quantity&#xD;
&#xD;
2019-09-27 07:19:48 - [MESSAGE][PASSED] - Object 'Object Repository/CERTPAY_QUICKSTI/Payment_Information_Page/PAYMENT_AMOUNT' is present&#xD;
&#xD;
2019-09-27 07:19:48 - [MESSAGE][WARNING] - Timeout '0' is invalid. Using default page load timeout: '30'&#xD;
&#xD;
2019-09-27 07:19:49 - [MESSAGE][PASSED] - Text '15.00' is set on object 'Object Repository/CERTPAY_QUICKSTI/Payment_Information_Page/PAYMENT_AMOUNT'&#xD;
&#xD;
2019-09-27 07:19:49 - [MESSAGE][PASSED] - Certpay_Quicksti.ts:Entered'15.00 into amount&#xD;
&#xD;
2019-09-27 07:19:49 - [MESSAGE][PASSED] - Object 'Object Repository/CERTPAY_QUICKSTI/Payment_Information_Page/QUANTITY' is present&#xD;
&#xD;
2019-09-27 07:19:49 - [MESSAGE][WARNING] - Timeout '0' is invalid. Using default page load timeout: '30'&#xD;
&#xD;
2019-09-27 07:19:50 - [MESSAGE][PASSED] - Text '2' is set on object 'Object Repository/CERTPAY_QUICKSTI/Payment_Information_Page/QUANTITY'&#xD;
&#xD;
2019-09-27 07:19:50 - [MESSAGE][PASSED] - Certpay_Quicksti.ts:Entered'2 into Quantity&#xD;
&#xD;
2019-09-27 07:19:50 - [TEST_STEP][PASSED] - utilities.SafeActions.safeType(findTestObject("CERTPAY_QUICKSTI/Payment_Information_Page/REFRENCE_NUMBER"), referenceNum, "Bureau code", [pageLoadTime]): Certpay_Quicksti.ts:Entered'11 into Bureau code&#xD;
&#xD;
2019-09-27 07:19:50 - [MESSAGE][PASSED] - Object 'Object Repository/CERTPAY_QUICKSTI/Payment_Information_Page/REFRENCE_NUMBER' is present&#xD;
&#xD;
2019-09-27 07:19:50 - [MESSAGE][WARNING] - Timeout '0' is invalid. Using default page load timeout: '30'&#xD;
&#xD;
2019-09-27 07:19:51 - [MESSAGE][PASSED] - Text '11' is set on object 'Object Repository/CERTPAY_QUICKSTI/Payment_Information_Page/REFRENCE_NUMBER'&#xD;
&#xD;
2019-09-27 07:19:51 - [MESSAGE][PASSED] - Certpay_Quicksti.ts:Entered'11 into Bureau code&#xD;
&#xD;
2019-09-27 07:19:51 - [TEST_STEP][PASSED] - utilities.SafeActions.safeType(findTestObject("CERTPAY_QUICKSTI/Payment_Information_Page/COMMENTS"), "Testing", "Comments", [pageLoadTime]): Certpay_Quicksti.ts:Entered'Testing into Comments&#xD;
&#xD;
2019-09-27 07:19:51 - [MESSAGE][PASSED] - Object 'Object Repository/CERTPAY_QUICKSTI/Payment_Information_Page/COMMENTS' is present&#xD;
&#xD;
2019-09-27 07:19:51 - [MESSAGE][WARNING] - Timeout '0' is invalid. Using default page load timeout: '30'&#xD;
&#xD;
2019-09-27 07:19:52 - [MESSAGE][PASSED] - Text 'Testing' is set on object 'Object Repository/CERTPAY_QUICKSTI/Payment_Information_Page/COMMENTS'&#xD;
&#xD;
2019-09-27 07:19:52 - [MESSAGE][PASSED] - Certpay_Quicksti.ts:Entered'Testing into Comments&#xD;
&#xD;
2019-09-27 07:19:52 - [TEST_STEP][PASSED] - utilities.SafeActions.safeType(findTestObject("CERTPAY_QUICKSTI/Payment_Information_Page/ADDRESS"), address, "Address", [pageLoadTime]): Certpay_Quicksti.ts:Entered'14-6 into Address&#xD;
&#xD;
2019-09-27 07:19:52 - [MESSAGE][PASSED] - Object 'Object Repository/CERTPAY_QUICKSTI/Payment_Information_Page/ADDRESS' is present&#xD;
&#xD;
2019-09-27 07:19:52 - [MESSAGE][WARNING] - Timeout '0' is invalid. Using default page load timeout: '30'&#xD;
&#xD;
2019-09-27 07:19:52 - [MESSAGE][PASSED] - Text '14-6' is set on object 'Object Repository/CERTPAY_QUICKSTI/Payment_Information_Page/ADDRESS'&#xD;
&#xD;
2019-09-27 07:19:52 - [MESSAGE][PASSED] - Certpay_Quicksti.ts:Entered'14-6 into Address&#xD;
&#xD;
2019-09-27 07:19:52 - [TEST_STEP][PASSED] - utilities.SafeActions.safeType(findTestObject("CERTPAY_QUICKSTI/Payment_Information_Page/ZIP_CODE"), zipCode, "zipcode", [pageLoadTime]): Certpay_Quicksti.ts:Entered'76102 into zipcode&#xD;
&#xD;
2019-09-27 07:19:52 - [MESSAGE][PASSED] - Object 'Object Repository/CERTPAY_QUICKSTI/Payment_Information_Page/ZIP_CODE' is present&#xD;
&#xD;
2019-09-27 07:19:52 - [MESSAGE][WARNING] - Timeout '0' is invalid. Using default page load timeout: '30'&#xD;
&#xD;
2019-09-27 07:19:53 - [MESSAGE][PASSED] - Text '76102' is set on object 'Object Repository/CERTPAY_QUICKSTI/Payment_Information_Page/ZIP_CODE'&#xD;
&#xD;
2019-09-27 07:19:53 - [MESSAGE][PASSED] - Certpay_Quicksti.ts:Entered'76102 into zipcode&#xD;
&#xD;
2019-09-27 07:19:53 - [TEST_STEP][PASSED] - utilities.SafeActions.safeType(findTestObject("CERTPAY_QUICKSTI/Payment_Information_Page/TELEPHONE"), telephone, "Telephone", [pageLoadTime]): Certpay_Quicksti.ts:Entered'9696404001 into Telephone&#xD;
&#xD;
2019-09-27 07:19:53 - [MESSAGE][PASSED] - Object 'Object Repository/CERTPAY_QUICKSTI/Payment_Information_Page/TELEPHONE' is present&#xD;
&#xD;
2019-09-27 07:19:53 - [MESSAGE][WARNING] - Timeout '0' is invalid. Using default page load timeout: '30'&#xD;
&#xD;
2019-09-27 07:19:54 - [MESSAGE][PASSED] - Text '9696404001' is set on object 'Object Repository/CERTPAY_QUICKSTI/Payment_Information_Page/TELEPHONE'&#xD;
&#xD;
2019-09-27 07:19:54 - [MESSAGE][PASSED] - Certpay_Quicksti.ts:Entered'9696404001 into Telephone&#xD;
&#xD;
2019-09-27 07:19:54 - [TEST_STEP][PASSED] - utilities.SafeActions.safeType(findTestObject("CERTPAY_QUICKSTI/Payment_Information_Page/EMAIL_ADDRESS"), emailAddress, "EMAIL address", [pageLoadTime]): Certpay_Quicksti.ts:Entered'testing@zenq.com into EMAIL address&#xD;
&#xD;
2019-09-27 07:19:54 - [MESSAGE][PASSED] - Object 'Object Repository/CERTPAY_QUICKSTI/Payment_Information_Page/EMAIL_ADDRESS' is present&#xD;
&#xD;
2019-09-27 07:19:54 - [MESSAGE][WARNING] - Timeout '0' is invalid. Using default page load timeout: '30'&#xD;
&#xD;
2019-09-27 07:19:55 - [MESSAGE][PASSED] - Text 'testing@zenq.com' is set on object 'Object Repository/CERTPAY_QUICKSTI/Payment_Information_Page/EMAIL_ADDRESS'&#xD;
&#xD;
2019-09-27 07:19:55 - [MESSAGE][PASSED] - Certpay_Quicksti.ts:Entered'testing@zenq.com into EMAIL address&#xD;
&#xD;
2019-09-27 07:19:55 - [TEST_STEP][PASSED] - utilities.SafeActions.safeClick(findTestObject("CERTPAY_QUICKSTI/Payment_Information_Page/NEXT_BUTTON"), "Next", [pageLoadTime]): Certpay_Quicksti.ts:Clicked on the Next&#xD;
&#xD;
2019-09-27 07:19:55 - [MESSAGE][INFO] - safeClicking&#xD;
&#xD;
2019-09-27 07:19:55 - [MESSAGE][PASSED] - Object 'Object Repository/CERTPAY_QUICKSTI/Payment_Information_Page/NEXT_BUTTON' is present&#xD;
&#xD;
2019-09-27 07:19:55 - [MESSAGE][PASSED] - Object 'Object Repository/CERTPAY_QUICKSTI/Payment_Information_Page/NEXT_BUTTON' is clickable&#xD;
&#xD;
2019-09-27 07:19:55 - [MESSAGE][WARNING] - Timeout '0' is invalid. Using default page load timeout: '30'&#xD;
&#xD;
2019-09-27 07:19:56 - [MESSAGE][PASSED] - Object: 'Object Repository/CERTPAY_QUICKSTI/Payment_Information_Page/NEXT_BUTTON' is clicked on&#xD;
&#xD;
2019-09-27 07:19:56 - [MESSAGE][PASSED] - Certpay_Quicksti.ts:Clicked on the Next&#xD;
&#xD;
2019-09-27 07:19:56 - [TEST_STEP][PASSED] - pages.Quicksti.verifyUserPaymentDetails(paymentAmount, firstName, lastName, CardNumber): pages.Quicksti.verifyUserPaymentDetails is PASSED&#xD;
&#xD;
2019-09-27 07:19:56 - [MESSAGE][PASSED] - Text of object 'Object Repository/CERTPAY_QUICKSTI/Payment_Details_Verification_Page/AMOUNT' is: '$15.00'&#xD;
&#xD;
2019-09-27 07:19:56 - [MESSAGE][PASSED] - Actual text '15.00' and expected text '15.00' are matched  using regular expression&#xD;
&#xD;
2019-09-27 07:19:56 - [MESSAGE][PASSED] - Text of object 'Object Repository/CERTPAY_QUICKSTI/Payment_Details_Verification_Page/NAME' is: 'Venkata Sai Annam'&#xD;
&#xD;
2019-09-27 07:19:56 - [MESSAGE][PASSED] - Actual text 'Venkata Sai Annam' and expected text 'Venkata Sai Annam' are matched  using regular expression&#xD;
&#xD;
2019-09-27 07:19:56 - [MESSAGE][PASSED] - Text of object 'Object Repository/CERTPAY_QUICKSTI/Payment_Details_Verification_Page/CARD_NUMBER' is: '...6610'&#xD;
&#xD;
2019-09-27 07:19:56 - [MESSAGE][PASSED] - Actual text '6610' and expected text '6610' are matched  using regular expression&#xD;
&#xD;
2019-09-27 07:19:56 - [MESSAGE][PASSED] - pages.Quicksti.verifyUserPaymentDetails is PASSED&#xD;
&#xD;
2019-09-27 07:19:56 - [TEST_STEP][PASSED] - delay(2): Delayed 2 second(s)&#xD;
&#xD;
2019-09-27 07:19:58 - [MESSAGE][PASSED] - Delayed 2 second(s)&#xD;
&#xD;
2019-09-27 07:19:58 - [TEST_STEP][PASSED] - scrollToElement(findTestObject("CERTPAY_QUICKSTI/Payment_Details_Verification_Page/PROCESS"), 0): Scroll to object 'Object Repository/CERTPAY_QUICKSTI/Payment_Details_Verification_Page/PROCESS' successfully&#xD;
&#xD;
2019-09-27 07:19:58 - [MESSAGE][WARNING] - Timeout '0' is invalid. Using default page load timeout: '30'&#xD;
&#xD;
2019-09-27 07:19:58 - [MESSAGE][PASSED] - Scroll to object 'Object Repository/CERTPAY_QUICKSTI/Payment_Details_Verification_Page/PROCESS' successfully&#xD;
&#xD;
2019-09-27 07:19:58 - [TEST_STEP][PASSED] - utilities.SafeActions.safeClick(findTestObject("CERTPAY_QUICKSTI/Payment_Details_Verification_Page/PROCESS"), "Process", [pageLoadTime]): Certpay_Quicksti.ts:Clicked on the Process&#xD;
&#xD;
2019-09-27 07:19:58 - [MESSAGE][INFO] - safeClicking&#xD;
&#xD;
2019-09-27 07:19:58 - [MESSAGE][PASSED] - Object 'Object Repository/CERTPAY_QUICKSTI/Payment_Details_Verification_Page/PROCESS' is present&#xD;
&#xD;
2019-09-27 07:19:58 - [MESSAGE][PASSED] - Object 'Object Repository/CERTPAY_QUICKSTI/Payment_Details_Verification_Page/PROCESS' is clickable&#xD;
&#xD;
2019-09-27 07:19:58 - [MESSAGE][WARNING] - Timeout '0' is invalid. Using default page load timeout: '30'&#xD;
&#xD;
2019-09-27 07:20:01 - [MESSAGE][PASSED] - Object: 'Object Repository/CERTPAY_QUICKSTI/Payment_Details_Verification_Page/PROCESS' is clicked on&#xD;
&#xD;
2019-09-27 07:20:01 - [MESSAGE][PASSED] - Certpay_Quicksti.ts:Clicked on the Process&#xD;
&#xD;
2019-09-27 07:20:01 - [TEST_STEP][PASSED] - PaymentId = pages.Quicksti.verifyPaymentApproval(findTestObject("CERTPAY_QUICKSTI/Payment_Details_Verification_Page/APPROVED")): Payment is approved&#xD;
&#xD;
2019-09-27 07:20:02 - [MESSAGE][PASSED] - Text of object 'Object Repository/CERTPAY_QUICKSTI/Payment_Details_Verification_Page/PAYMENT_ID' is: '100176026090'&#xD;
&#xD;
2019-09-27 07:20:02 - [MESSAGE][WARNING] - Timeout '0' is invalid. Using default page load timeout: '30'&#xD;
&#xD;
2019-09-27 07:20:02 - [MESSAGE][PASSED] - Object 'Object Repository/CERTPAY_QUICKSTI/Payment_Details_Verification_Page/APPROVED' is present&#xD;
&#xD;
2019-09-27 07:20:02 - [MESSAGE][PASSED] - Payment is approved&#xD;
&#xD;
2019-09-27 07:20:04 - [TEST_STEP][PASSED] - closeBrowser(): Browser is closed&#xD;
&#xD;
2019-09-27 07:20:05 - [MESSAGE][PASSED] - Browser is closed&#xD;
&#xD;
2019-09-27 07:20:05 - [TEST_STEP][PASSED] - Start tear down : tearDownTestCase: Method 'tearDownTestCase' complete successfully&#xD;
&#xD;
2019-09-27 07:20:05 - [MESSAGE][PASSED] - Method 'tearDownTestCase' complete successfully&#xD;
&#xD;
2019-09-27 07:20:05 - [TEST_STEP][PASSED] - Start listener action : afterTestCase: null</system-out>
            <system-err></system-err>
        </testcase>
        <testcase name="Test Cases/Certpay_Quicksti/Visa_MultiLinePayment_002" classname="Test Cases/Certpay_Quicksti/Visa_MultiLinePayment_002" status="PASSED">
            <system-out>2019-09-27 07:20:05 - [TEST_CASE][PASSED] - Test Cases/Certpay_Quicksti/Visa_MultiLinePayment_002: Test Cases/Certpay_Quicksti/Visa_MultiLinePayment_002&#xD;
&#xD;
2019-09-27 07:20:05 - [TEST_STEP][PASSED] - Start listener action : beforeTestCase: null&#xD;
&#xD;
2019-09-27 07:20:05 - [TEST_STEP][PASSED] - Start setup action : setupTestCase: Method 'setupTestCase' complete successfully&#xD;
&#xD;
2019-09-27 07:20:05 - [MESSAGE][PASSED] - Method 'setupTestCase' complete successfully&#xD;
&#xD;
2019-09-27 07:20:05 - [TEST_STEP][PASSED] - utilities.SafeActions.openBrowser(Quicksti_Url, [pageLoadTime]): Browser launched successfully&#xD;
&#xD;
2019-09-27 07:20:05 - [MESSAGE][INFO] - Opening Browser&#xD;
&#xD;
2019-09-27 07:20:05 - [MESSAGE][INFO] - Starting 'Chrome' driver&#xD;
&#xD;
2019-09-27 07:20:12 - [MESSAGE][PASSED] - Browser is opened with url: 'https://qa-certpayquicksti.faps.net/'&#xD;
&#xD;
2019-09-27 07:20:16 - [MESSAGE][PASSED] - Current window maximized&#xD;
&#xD;
2019-09-27 07:20:16 - [MESSAGE][PASSED] - Browser launched successfully&#xD;
&#xD;
2019-09-27 07:20:16 - [TEST_STEP][PASSED] - utilities.SafeActions.safeCheck(findTestObject("CERTPAY_QUICKSTI/Login_ Page/MULTI_BUREAU_CHECKBOX"), "Multi Bureau", [pageLoadTime]): Certpay_Quicksti.ts:Checkbox 'Multi Bureau'is selected&#xD;
&#xD;
2019-09-27 07:20:17 - [MESSAGE][PASSED] - Object 'Object Repository/CERTPAY_QUICKSTI/Login_ Page/MULTI_BUREAU_CHECKBOX' is present&#xD;
&#xD;
2019-09-27 07:20:17 - [MESSAGE][WARNING] - Timeout '0' is invalid. Using default page load timeout: '30'&#xD;
&#xD;
2019-09-27 07:20:17 - [MESSAGE][PASSED] - Object: 'Object Repository/CERTPAY_QUICKSTI/Login_ Page/MULTI_BUREAU_CHECKBOX' is clicked on&#xD;
&#xD;
2019-09-27 07:20:17 - [MESSAGE][PASSED] - Certpay_Quicksti.ts:Checkbox 'Multi Bureau'is selected&#xD;
&#xD;
2019-09-27 07:20:17 - [TEST_STEP][PASSED] - utilities.SafeActions.safeType(findTestObject("CERTPAY_QUICKSTI/Login_ Page/TELLER_ID"), teller_id, "Bureau code", [pageLoadTime]): Certpay_Quicksti.ts:Entered'zenq into Bureau code&#xD;
&#xD;
2019-09-27 07:20:18 - [MESSAGE][PASSED] - Object 'Object Repository/CERTPAY_QUICKSTI/Login_ Page/TELLER_ID' is present&#xD;
&#xD;
2019-09-27 07:20:18 - [MESSAGE][WARNING] - Timeout '0' is invalid. Using default page load timeout: '30'&#xD;
&#xD;
2019-09-27 07:20:18 - [MESSAGE][PASSED] - Text 'zenq' is set on object 'Object Repository/CERTPAY_QUICKSTI/Login_ Page/TELLER_ID'&#xD;
&#xD;
2019-09-27 07:20:18 - [MESSAGE][PASSED] - Certpay_Quicksti.ts:Entered'zenq into Bureau code&#xD;
&#xD;
2019-09-27 07:20:18 - [TEST_STEP][PASSED] - utilities.SafeActions.safeClick(findTestObject("CERTPAY_QUICKSTI/Login_ Page/NEXT_BUTTON"), "Next button", [pageLoadTime]): Certpay_Quicksti.ts:Clicked on the Next button&#xD;
&#xD;
2019-09-27 07:20:18 - [MESSAGE][INFO] - safeClicking&#xD;
&#xD;
2019-09-27 07:20:18 - [MESSAGE][PASSED] - Object 'Object Repository/CERTPAY_QUICKSTI/Login_ Page/NEXT_BUTTON' is present&#xD;
&#xD;
2019-09-27 07:20:18 - [MESSAGE][PASSED] - Object 'Object Repository/CERTPAY_QUICKSTI/Login_ Page/NEXT_BUTTON' is clickable&#xD;
&#xD;
2019-09-27 07:20:18 - [MESSAGE][WARNING] - Timeout '0' is invalid. Using default page load timeout: '30'&#xD;
&#xD;
2019-09-27 07:20:20 - [MESSAGE][PASSED] - Object: 'Object Repository/CERTPAY_QUICKSTI/Login_ Page/NEXT_BUTTON' is clicked on&#xD;
&#xD;
2019-09-27 07:20:20 - [MESSAGE][PASSED] - Certpay_Quicksti.ts:Clicked on the Next button&#xD;
&#xD;
2019-09-27 07:20:20 - [TEST_STEP][PASSED] - utilities.SafeActions.safeType(findTestObject("CERTPAY_QUICKSTI/Multi_Bureau_Page/COMMENTS"), comments, "Payment Amount", [pageLoadTime]): Certpay_Quicksti.ts:Entered'Testing into Payment Amount&#xD;
&#xD;
2019-09-27 07:20:20 - [MESSAGE][PASSED] - Object 'Object Repository/CERTPAY_QUICKSTI/Multi_Bureau_Page/COMMENTS' is present&#xD;
&#xD;
2019-09-27 07:20:20 - [MESSAGE][WARNING] - Timeout '0' is invalid. Using default page load timeout: '30'&#xD;
&#xD;
2019-09-27 07:20:20 - [MESSAGE][PASSED] - Text 'Testing' is set on object 'Object Repository/CERTPAY_QUICKSTI/Multi_Bureau_Page/COMMENTS'&#xD;
&#xD;
2019-09-27 07:20:20 - [MESSAGE][PASSED] - Certpay_Quicksti.ts:Entered'Testing into Payment Amount&#xD;
&#xD;
2019-09-27 07:20:20 - [TEST_STEP][PASSED] - utilities.SafeActions.safeType(findTestObject("CERTPAY_QUICKSTI/Payment_Information_Page/PAYMENT_AMOUNT"), paymentAmount, "Payment Amount", [pageLoadTime]): Certpay_Quicksti.ts:Entered'22.00 into Payment Amount&#xD;
&#xD;
2019-09-27 07:20:21 - [MESSAGE][PASSED] - Object 'Object Repository/CERTPAY_QUICKSTI/Payment_Information_Page/PAYMENT_AMOUNT' is present&#xD;
&#xD;
2019-09-27 07:20:21 - [MESSAGE][WARNING] - Timeout '0' is invalid. Using default page load timeout: '30'&#xD;
&#xD;
2019-09-27 07:20:21 - [MESSAGE][PASSED] - Text '22.00' is set on object 'Object Repository/CERTPAY_QUICKSTI/Payment_Information_Page/PAYMENT_AMOUNT'&#xD;
&#xD;
2019-09-27 07:20:21 - [MESSAGE][PASSED] - Certpay_Quicksti.ts:Entered'22.00 into Payment Amount&#xD;
&#xD;
2019-09-27 07:20:21 - [TEST_STEP][PASSED] - pages.Quicksti.setAmountDetailsForMultiBureau("0", paymentType, "0", referenceNum, quantity): Certpay_Quicksti.ts:Entered'2 into Quntity&#xD;
&#xD;
2019-09-27 07:20:22 - [MESSAGE][PASSED] - Object '' is present&#xD;
&#xD;
2019-09-27 07:20:22 - [MESSAGE][PASSED] - Object: '' is clicked on&#xD;
&#xD;
2019-09-27 07:20:22 - [MESSAGE][PASSED] - All options with label 'Licenses' are selected in object '' &#xD;
&#xD;
2019-09-27 07:20:22 - [MESSAGE][PASSED] - selected dropdown option by visible text  Licensesfrom Payment Type&#xD;
&#xD;
2019-09-27 07:20:22 - [MESSAGE][PASSED] - Object '' is present&#xD;
&#xD;
2019-09-27 07:20:22 - [MESSAGE][WARNING] - Timeout '0' is invalid. Using default page load timeout: '30'&#xD;
&#xD;
2019-09-27 07:20:23 - [MESSAGE][PASSED] - Text '11' is set on object ''&#xD;
&#xD;
2019-09-27 07:20:23 - [MESSAGE][PASSED] - Certpay_Quicksti.ts:Entered'11 into RefrenceNumber&#xD;
&#xD;
2019-09-27 07:20:23 - [MESSAGE][PASSED] - Object '' is present&#xD;
&#xD;
2019-09-27 07:20:23 - [MESSAGE][WARNING] - Timeout '0' is invalid. Using default page load timeout: '30'&#xD;
&#xD;
2019-09-27 07:20:24 - [MESSAGE][PASSED] - Text '2' is set on object ''&#xD;
&#xD;
2019-09-27 07:20:24 - [MESSAGE][PASSED] - Certpay_Quicksti.ts:Entered'2 into Quntity&#xD;
&#xD;
2019-09-27 07:20:24 - [TEST_STEP][PASSED] - utilities.SafeActions.safeType(findTestObject("CERTPAY_QUICKSTI/Multi_Bureau_Page/COMMENTS_2"), comments, "Payment Amount", [pageLoadTime]): Certpay_Quicksti.ts:Entered'Testing into Payment Amount&#xD;
&#xD;
2019-09-27 07:20:24 - [MESSAGE][PASSED] - Object 'Object Repository/CERTPAY_QUICKSTI/Multi_Bureau_Page/COMMENTS_2' is present&#xD;
&#xD;
2019-09-27 07:20:24 - [MESSAGE][WARNING] - Timeout '0' is invalid. Using default page load timeout: '30'&#xD;
&#xD;
2019-09-27 07:20:25 - [MESSAGE][PASSED] - Text 'Testing' is set on object 'Object Repository/CERTPAY_QUICKSTI/Multi_Bureau_Page/COMMENTS_2'&#xD;
&#xD;
2019-09-27 07:20:25 - [MESSAGE][PASSED] - Certpay_Quicksti.ts:Entered'Testing into Payment Amount&#xD;
&#xD;
2019-09-27 07:20:25 - [TEST_STEP][PASSED] - utilities.SafeActions.safeType(findTestObject("CERTPAY_QUICKSTI/Payment_Information_Page/PAYMENT_AMOUNT"), paymentAmount2, "Payment Amount", [pageLoadTime]): Certpay_Quicksti.ts:Entered'33.00 into Payment Amount&#xD;
&#xD;
2019-09-27 07:20:25 - [MESSAGE][PASSED] - Object 'Object Repository/CERTPAY_QUICKSTI/Payment_Information_Page/PAYMENT_AMOUNT' is present&#xD;
&#xD;
2019-09-27 07:20:25 - [MESSAGE][WARNING] - Timeout '0' is invalid. Using default page load timeout: '30'&#xD;
&#xD;
2019-09-27 07:20:26 - [MESSAGE][PASSED] - Text '33.00' is set on object 'Object Repository/CERTPAY_QUICKSTI/Payment_Information_Page/PAYMENT_AMOUNT'&#xD;
&#xD;
2019-09-27 07:20:26 - [MESSAGE][PASSED] - Certpay_Quicksti.ts:Entered'33.00 into Payment Amount&#xD;
&#xD;
2019-09-27 07:20:26 - [TEST_STEP][PASSED] - pages.Quicksti.setAmountDetailsForMultiBureau("1", paymentType, "0", referenceNum2, quantity): Certpay_Quicksti.ts:Entered'2 into Quntity&#xD;
&#xD;
2019-09-27 07:20:26 - [MESSAGE][PASSED] - Object '' is present&#xD;
&#xD;
2019-09-27 07:20:26 - [MESSAGE][PASSED] - Object: '' is clicked on&#xD;
&#xD;
2019-09-27 07:20:26 - [MESSAGE][PASSED] - All options with label 'Licenses' are selected in object '' &#xD;
&#xD;
2019-09-27 07:20:26 - [MESSAGE][PASSED] - selected dropdown option by visible text  Licensesfrom Payment Type&#xD;
&#xD;
2019-09-27 07:20:26 - [MESSAGE][PASSED] - Object '' is present&#xD;
&#xD;
2019-09-27 07:20:26 - [MESSAGE][WARNING] - Timeout '0' is invalid. Using default page load timeout: '30'&#xD;
&#xD;
2019-09-27 07:20:27 - [MESSAGE][PASSED] - Text '12' is set on object ''&#xD;
&#xD;
2019-09-27 07:20:27 - [MESSAGE][PASSED] - Certpay_Quicksti.ts:Entered'12 into RefrenceNumber&#xD;
&#xD;
2019-09-27 07:20:27 - [MESSAGE][PASSED] - Object '' is present&#xD;
&#xD;
2019-09-27 07:20:27 - [MESSAGE][WARNING] - Timeout '0' is invalid. Using default page load timeout: '30'&#xD;
&#xD;
2019-09-27 07:20:28 - [MESSAGE][PASSED] - Text '2' is set on object ''&#xD;
&#xD;
2019-09-27 07:20:28 - [MESSAGE][PASSED] - Certpay_Quicksti.ts:Entered'2 into Quntity&#xD;
&#xD;
2019-09-27 07:20:28 - [TEST_STEP][PASSED] - utilities.SafeActions.safeClick(findTestObject("CERTPAY_QUICKSTI/Payment_Information_Page/MANUAL_ENTRY_BUTTON"), "ManualEntry", [pageLoadTime]): Certpay_Quicksti.ts:Clicked on the ManualEntry&#xD;
&#xD;
2019-09-27 07:20:28 - [MESSAGE][INFO] - safeClicking&#xD;
&#xD;
2019-09-27 07:20:28 - [MESSAGE][PASSED] - Object 'Object Repository/CERTPAY_QUICKSTI/Payment_Information_Page/MANUAL_ENTRY_BUTTON' is present&#xD;
&#xD;
2019-09-27 07:20:28 - [MESSAGE][PASSED] - Object 'Object Repository/CERTPAY_QUICKSTI/Payment_Information_Page/MANUAL_ENTRY_BUTTON' is clickable&#xD;
&#xD;
2019-09-27 07:20:28 - [MESSAGE][WARNING] - Timeout '0' is invalid. Using default page load timeout: '30'&#xD;
&#xD;
2019-09-27 07:20:29 - [MESSAGE][PASSED] - Object: 'Object Repository/CERTPAY_QUICKSTI/Payment_Information_Page/MANUAL_ENTRY_BUTTON' is clicked on&#xD;
&#xD;
2019-09-27 07:20:29 - [MESSAGE][PASSED] - Certpay_Quicksti.ts:Clicked on the ManualEntry&#xD;
&#xD;
2019-09-27 07:20:29 - [TEST_STEP][PASSED] - CardNumber = pages.Quicksti.setUserPaymentDetails(firstName, lastName, VISA): Certpay_Quicksti.ts:Entered'4358809181126610 into CardNum&#xD;
&#xD;
2019-09-27 07:20:29 - [MESSAGE][PASSED] - Object 'Object Repository/CERTPAY_QUICKSTI/Payment_Information_Page/FIRST_NAME' is present&#xD;
&#xD;
2019-09-27 07:20:29 - [MESSAGE][WARNING] - Timeout '0' is invalid. Using default page load timeout: '30'&#xD;
&#xD;
2019-09-27 07:20:30 - [MESSAGE][PASSED] - Text 'Prthyusha' is set on object 'Object Repository/CERTPAY_QUICKSTI/Payment_Information_Page/FIRST_NAME'&#xD;
&#xD;
2019-09-27 07:20:30 - [MESSAGE][PASSED] - Certpay_Quicksti.ts:Entered'Prthyusha into FirstName&#xD;
&#xD;
2019-09-27 07:20:30 - [MESSAGE][PASSED] - Object 'Object Repository/CERTPAY_QUICKSTI/Payment_Information_Page/LAST_NAME' is present&#xD;
&#xD;
2019-09-27 07:20:30 - [MESSAGE][WARNING] - Timeout '0' is invalid. Using default page load timeout: '30'&#xD;
&#xD;
2019-09-27 07:20:31 - [MESSAGE][PASSED] - Text 'Nulu' is set on object 'Object Repository/CERTPAY_QUICKSTI/Payment_Information_Page/LAST_NAME'&#xD;
&#xD;
2019-09-27 07:20:31 - [MESSAGE][PASSED] - Certpay_Quicksti.ts:Entered'Nulu into LAstName&#xD;
&#xD;
2019-09-27 07:20:31 - [MESSAGE][PASSED] - Object 'Object Repository/CERTPAY_QUICKSTI/Payment_Information_Page/CARD_NUMBER' is present&#xD;
&#xD;
2019-09-27 07:20:31 - [MESSAGE][WARNING] - Timeout '0' is invalid. Using default page load timeout: '30'&#xD;
&#xD;
2019-09-27 07:20:32 - [MESSAGE][PASSED] - Text '4358809181126610' is set on object 'Object Repository/CERTPAY_QUICKSTI/Payment_Information_Page/CARD_NUMBER'&#xD;
&#xD;
2019-09-27 07:20:32 - [MESSAGE][PASSED] - Certpay_Quicksti.ts:Entered'4358809181126610 into CardNum&#xD;
&#xD;
2019-09-27 07:20:32 - [TEST_STEP][PASSED] - pages.Quicksti.setExpDate(expMonth, expYear, securityCode): Certpay_Quicksti.ts:Entered'111 into securityCode&#xD;
&#xD;
2019-09-27 07:20:32 - [MESSAGE][PASSED] - Object 'Object Repository/CERTPAY_QUICKSTI/Payment_Information_Page/EXP_MONTH' is present&#xD;
&#xD;
2019-09-27 07:20:32 - [MESSAGE][PASSED] - Object: 'Object Repository/CERTPAY_QUICKSTI/Payment_Information_Page/EXP_MONTH' is clicked on&#xD;
&#xD;
2019-09-27 07:20:32 - [MESSAGE][PASSED] - All options with label '11' are selected in object 'Object Repository/CERTPAY_QUICKSTI/Payment_Information_Page/EXP_MONTH' &#xD;
&#xD;
2019-09-27 07:20:32 - [MESSAGE][PASSED] - selected dropdown option by visible text  11from expMonth&#xD;
&#xD;
2019-09-27 07:20:33 - [MESSAGE][PASSED] - Object 'Object Repository/CERTPAY_QUICKSTI/Payment_Information_Page/EXP_YEAR' is present&#xD;
&#xD;
2019-09-27 07:20:33 - [MESSAGE][PASSED] - Object: 'Object Repository/CERTPAY_QUICKSTI/Payment_Information_Page/EXP_YEAR' is clicked on&#xD;
&#xD;
2019-09-27 07:20:33 - [MESSAGE][PASSED] - All options with label '2020' are selected in object 'Object Repository/CERTPAY_QUICKSTI/Payment_Information_Page/EXP_YEAR' &#xD;
&#xD;
2019-09-27 07:20:33 - [MESSAGE][PASSED] - selected dropdown option by visible text  2020from  expYear&#xD;
&#xD;
2019-09-27 07:20:33 - [MESSAGE][PASSED] - Object 'Object Repository/CERTPAY_QUICKSTI/Payment_Information_Page/SECURITY_CODE' is present&#xD;
&#xD;
2019-09-27 07:20:33 - [MESSAGE][WARNING] - Timeout '0' is invalid. Using default page load timeout: '30'&#xD;
&#xD;
2019-09-27 07:20:34 - [MESSAGE][PASSED] - Text '111' is set on object 'Object Repository/CERTPAY_QUICKSTI/Payment_Information_Page/SECURITY_CODE'&#xD;
&#xD;
2019-09-27 07:20:34 - [MESSAGE][PASSED] - Certpay_Quicksti.ts:Entered'111 into securityCode&#xD;
&#xD;
2019-09-27 07:20:34 - [TEST_STEP][PASSED] - utilities.SafeActions.safeType(findTestObject("CERTPAY_QUICKSTI/Payment_Information_Page/ADDRESS"), address, "Address", [pageLoadTime]): Certpay_Quicksti.ts:Entered'23-9 into Address&#xD;
&#xD;
2019-09-27 07:20:34 - [MESSAGE][PASSED] - Object 'Object Repository/CERTPAY_QUICKSTI/Payment_Information_Page/ADDRESS' is present&#xD;
&#xD;
2019-09-27 07:20:34 - [MESSAGE][WARNING] - Timeout '0' is invalid. Using default page load timeout: '30'&#xD;
&#xD;
2019-09-27 07:20:35 - [MESSAGE][PASSED] - Text '23-9' is set on object 'Object Repository/CERTPAY_QUICKSTI/Payment_Information_Page/ADDRESS'&#xD;
&#xD;
2019-09-27 07:20:35 - [MESSAGE][PASSED] - Certpay_Quicksti.ts:Entered'23-9 into Address&#xD;
&#xD;
2019-09-27 07:20:35 - [TEST_STEP][PASSED] - utilities.SafeActions.safeType(findTestObject("CERTPAY_QUICKSTI/Payment_Information_Page/ZIP_CODE"), zipCode, "zipcode", [pageLoadTime]): Certpay_Quicksti.ts:Entered'76102 into zipcode&#xD;
&#xD;
2019-09-27 07:20:35 - [MESSAGE][PASSED] - Object 'Object Repository/CERTPAY_QUICKSTI/Payment_Information_Page/ZIP_CODE' is present&#xD;
&#xD;
2019-09-27 07:20:35 - [MESSAGE][WARNING] - Timeout '0' is invalid. Using default page load timeout: '30'&#xD;
&#xD;
2019-09-27 07:20:36 - [MESSAGE][PASSED] - Text '76102' is set on object 'Object Repository/CERTPAY_QUICKSTI/Payment_Information_Page/ZIP_CODE'&#xD;
&#xD;
2019-09-27 07:20:36 - [MESSAGE][PASSED] - Certpay_Quicksti.ts:Entered'76102 into zipcode&#xD;
&#xD;
2019-09-27 07:20:36 - [TEST_STEP][PASSED] - utilities.SafeActions.safeType(findTestObject("CERTPAY_QUICKSTI/Payment_Information_Page/TELEPHONE"), telephone, "Telephone", [pageLoadTime]): Certpay_Quicksti.ts:Entered'9967670046 into Telephone&#xD;
&#xD;
2019-09-27 07:20:36 - [MESSAGE][PASSED] - Object 'Object Repository/CERTPAY_QUICKSTI/Payment_Information_Page/TELEPHONE' is present&#xD;
&#xD;
2019-09-27 07:20:36 - [MESSAGE][WARNING] - Timeout '0' is invalid. Using default page load timeout: '30'&#xD;
&#xD;
2019-09-27 07:20:36 - [MESSAGE][PASSED] - Text '9967670046' is set on object 'Object Repository/CERTPAY_QUICKSTI/Payment_Information_Page/TELEPHONE'&#xD;
&#xD;
2019-09-27 07:20:36 - [MESSAGE][PASSED] - Certpay_Quicksti.ts:Entered'9967670046 into Telephone&#xD;
&#xD;
2019-09-27 07:20:36 - [TEST_STEP][PASSED] - utilities.SafeActions.safeType(findTestObject("CERTPAY_QUICKSTI/Payment_Information_Page/EMAIL_ADDRESS"), emailAddress, "EMAIL address", [pageLoadTime]): Certpay_Quicksti.ts:Entered'testing@zenq.com into EMAIL address&#xD;
&#xD;
2019-09-27 07:20:36 - [MESSAGE][PASSED] - Object 'Object Repository/CERTPAY_QUICKSTI/Payment_Information_Page/EMAIL_ADDRESS' is present&#xD;
&#xD;
2019-09-27 07:20:36 - [MESSAGE][WARNING] - Timeout '0' is invalid. Using default page load timeout: '30'&#xD;
&#xD;
2019-09-27 07:20:37 - [MESSAGE][PASSED] - Text 'testing@zenq.com' is set on object 'Object Repository/CERTPAY_QUICKSTI/Payment_Information_Page/EMAIL_ADDRESS'&#xD;
&#xD;
2019-09-27 07:20:37 - [MESSAGE][PASSED] - Certpay_Quicksti.ts:Entered'testing@zenq.com into EMAIL address&#xD;
&#xD;
2019-09-27 07:20:37 - [TEST_STEP][PASSED] - utilities.SafeActions.safeClick(findTestObject("CERTPAY_QUICKSTI/Payment_Information_Page/NEXT_BUTTON"), "Next", [pageLoadTime]): Certpay_Quicksti.ts:Clicked on the Next&#xD;
&#xD;
2019-09-27 07:20:37 - [MESSAGE][INFO] - safeClicking&#xD;
&#xD;
2019-09-27 07:20:37 - [MESSAGE][PASSED] - Object 'Object Repository/CERTPAY_QUICKSTI/Payment_Information_Page/NEXT_BUTTON' is present&#xD;
&#xD;
2019-09-27 07:20:37 - [MESSAGE][PASSED] - Object 'Object Repository/CERTPAY_QUICKSTI/Payment_Information_Page/NEXT_BUTTON' is clickable&#xD;
&#xD;
2019-09-27 07:20:37 - [MESSAGE][WARNING] - Timeout '0' is invalid. Using default page load timeout: '30'&#xD;
&#xD;
2019-09-27 07:20:38 - [MESSAGE][PASSED] - Object: 'Object Repository/CERTPAY_QUICKSTI/Payment_Information_Page/NEXT_BUTTON' is clicked on&#xD;
&#xD;
2019-09-27 07:20:38 - [MESSAGE][PASSED] - Certpay_Quicksti.ts:Clicked on the Next&#xD;
&#xD;
2019-09-27 07:20:38 - [TEST_STEP][PASSED] - pages.Quicksti.verifyUserPaymentDetails(paymentAmount, firstName, lastName, CardNumber): pages.Quicksti.verifyUserPaymentDetails is PASSED&#xD;
&#xD;
2019-09-27 07:20:38 - [MESSAGE][PASSED] - Text of object 'Object Repository/CERTPAY_QUICKSTI/Payment_Details_Verification_Page/AMOUNT' is: '$22.00'&#xD;
&#xD;
2019-09-27 07:20:38 - [MESSAGE][PASSED] - Actual text '22.00' and expected text '22.00' are matched  using regular expression&#xD;
&#xD;
2019-09-27 07:20:38 - [MESSAGE][PASSED] - Text of object 'Object Repository/CERTPAY_QUICKSTI/Payment_Details_Verification_Page/NAME' is: 'Prthyusha Nulu'&#xD;
&#xD;
2019-09-27 07:20:38 - [MESSAGE][PASSED] - Actual text 'Prthyusha Nulu' and expected text 'Prthyusha Nulu' are matched  using regular expression&#xD;
&#xD;
2019-09-27 07:20:39 - [MESSAGE][PASSED] - Text of object 'Object Repository/CERTPAY_QUICKSTI/Payment_Details_Verification_Page/CARD_NUMBER' is: '...6610'&#xD;
&#xD;
2019-09-27 07:20:39 - [MESSAGE][PASSED] - Actual text '6610' and expected text '6610' are matched  using regular expression&#xD;
&#xD;
2019-09-27 07:20:39 - [MESSAGE][PASSED] - pages.Quicksti.verifyUserPaymentDetails is PASSED&#xD;
&#xD;
2019-09-27 07:20:39 - [TEST_STEP][PASSED] - delay(2): Delayed 2 second(s)&#xD;
&#xD;
2019-09-27 07:20:41 - [MESSAGE][PASSED] - Delayed 2 second(s)&#xD;
&#xD;
2019-09-27 07:20:41 - [TEST_STEP][PASSED] - scrollToElement(findTestObject("CERTPAY_QUICKSTI/Payment_Details_Verification_Page/PROCESS"), 0): Scroll to object 'Object Repository/CERTPAY_QUICKSTI/Payment_Details_Verification_Page/PROCESS' successfully&#xD;
&#xD;
2019-09-27 07:20:41 - [MESSAGE][WARNING] - Timeout '0' is invalid. Using default page load timeout: '30'&#xD;
&#xD;
2019-09-27 07:20:41 - [MESSAGE][PASSED] - Scroll to object 'Object Repository/CERTPAY_QUICKSTI/Payment_Details_Verification_Page/PROCESS' successfully&#xD;
&#xD;
2019-09-27 07:20:41 - [TEST_STEP][PASSED] - utilities.SafeActions.safeClick(findTestObject("CERTPAY_QUICKSTI/Payment_Details_Verification_Page/PROCESS"), "Process", [pageLoadTime]): Certpay_Quicksti.ts:Clicked on the Process&#xD;
&#xD;
2019-09-27 07:20:41 - [MESSAGE][INFO] - safeClicking&#xD;
&#xD;
2019-09-27 07:20:41 - [MESSAGE][PASSED] - Object 'Object Repository/CERTPAY_QUICKSTI/Payment_Details_Verification_Page/PROCESS' is present&#xD;
&#xD;
2019-09-27 07:20:41 - [MESSAGE][PASSED] - Object 'Object Repository/CERTPAY_QUICKSTI/Payment_Details_Verification_Page/PROCESS' is clickable&#xD;
&#xD;
2019-09-27 07:20:41 - [MESSAGE][WARNING] - Timeout '0' is invalid. Using default page load timeout: '30'&#xD;
&#xD;
2019-09-27 07:20:43 - [MESSAGE][PASSED] - Object: 'Object Repository/CERTPAY_QUICKSTI/Payment_Details_Verification_Page/PROCESS' is clicked on&#xD;
&#xD;
2019-09-27 07:20:43 - [MESSAGE][PASSED] - Certpay_Quicksti.ts:Clicked on the Process&#xD;
&#xD;
2019-09-27 07:20:43 - [TEST_STEP][PASSED] - PaymentId = pages.Quicksti.verifyPaymentApproval(findTestObject("CERTPAY_QUICKSTI/Payment_Details_Verification_Page/APPROVED")): Payment is approved&#xD;
&#xD;
2019-09-27 07:20:43 - [MESSAGE][PASSED] - Text of object 'Object Repository/CERTPAY_QUICKSTI/Payment_Details_Verification_Page/PAYMENT_ID' is: '100176026094'&#xD;
&#xD;
2019-09-27 07:20:43 - [MESSAGE][WARNING] - Timeout '0' is invalid. Using default page load timeout: '30'&#xD;
&#xD;
2019-09-27 07:20:43 - [MESSAGE][PASSED] - Object 'Object Repository/CERTPAY_QUICKSTI/Payment_Details_Verification_Page/APPROVED' is present&#xD;
&#xD;
2019-09-27 07:20:43 - [MESSAGE][PASSED] - Payment is approved&#xD;
&#xD;
2019-09-27 07:20:45 - [TEST_STEP][PASSED] - closeBrowser(): Browser is closed&#xD;
&#xD;
2019-09-27 07:20:46 - [MESSAGE][PASSED] - Browser is closed&#xD;
&#xD;
2019-09-27 07:20:46 - [TEST_STEP][PASSED] - Start tear down : tearDownTestCase: Method 'tearDownTestCase' complete successfully&#xD;
&#xD;
2019-09-27 07:20:46 - [MESSAGE][PASSED] - Method 'tearDownTestCase' complete successfully&#xD;
&#xD;
2019-09-27 07:20:46 - [TEST_STEP][PASSED] - Start listener action : afterTestCase: null</system-out>
            <system-err></system-err>
        </testcase>
        <testcase name="Test Cases/Certpay_Quicksti/Visa_MultiLinePayment_002" classname="Test Cases/Certpay_Quicksti/Visa_MultiLinePayment_002" status="PASSED">
            <system-out>2019-09-27 07:20:46 - [TEST_CASE][PASSED] - Test Cases/Certpay_Quicksti/Visa_MultiLinePayment_002: Test Cases/Certpay_Quicksti/Visa_MultiLinePayment_002&#xD;
&#xD;
2019-09-27 07:20:46 - [TEST_STEP][PASSED] - Start listener action : beforeTestCase: null&#xD;
&#xD;
2019-09-27 07:20:46 - [TEST_STEP][PASSED] - Start setup action : setupTestCase: Method 'setupTestCase' complete successfully&#xD;
&#xD;
2019-09-27 07:20:46 - [MESSAGE][PASSED] - Method 'setupTestCase' complete successfully&#xD;
&#xD;
2019-09-27 07:20:46 - [TEST_STEP][PASSED] - utilities.SafeActions.openBrowser(Quicksti_Url, [pageLoadTime]): Browser launched successfully&#xD;
&#xD;
2019-09-27 07:20:46 - [MESSAGE][INFO] - Opening Browser&#xD;
&#xD;
2019-09-27 07:20:46 - [MESSAGE][INFO] - Starting 'Chrome' driver&#xD;
&#xD;
2019-09-27 07:20:52 - [MESSAGE][PASSED] - Browser is opened with url: 'https://qa-certpayquicksti.faps.net/'&#xD;
&#xD;
2019-09-27 07:20:56 - [MESSAGE][PASSED] - Current window maximized&#xD;
&#xD;
2019-09-27 07:20:56 - [MESSAGE][PASSED] - Browser launched successfully&#xD;
&#xD;
2019-09-27 07:20:56 - [TEST_STEP][PASSED] - utilities.SafeActions.safeCheck(findTestObject("CERTPAY_QUICKSTI/Login_ Page/MULTI_BUREAU_CHECKBOX"), "Multi Bureau", [pageLoadTime]): Certpay_Quicksti.ts:Checkbox 'Multi Bureau'is selected&#xD;
&#xD;
2019-09-27 07:20:57 - [MESSAGE][PASSED] - Object 'Object Repository/CERTPAY_QUICKSTI/Login_ Page/MULTI_BUREAU_CHECKBOX' is present&#xD;
&#xD;
2019-09-27 07:20:57 - [MESSAGE][WARNING] - Timeout '0' is invalid. Using default page load timeout: '30'&#xD;
&#xD;
2019-09-27 07:20:58 - [MESSAGE][PASSED] - Object: 'Object Repository/CERTPAY_QUICKSTI/Login_ Page/MULTI_BUREAU_CHECKBOX' is clicked on&#xD;
&#xD;
2019-09-27 07:20:58 - [MESSAGE][PASSED] - Certpay_Quicksti.ts:Checkbox 'Multi Bureau'is selected&#xD;
&#xD;
2019-09-27 07:20:58 - [TEST_STEP][PASSED] - utilities.SafeActions.safeType(findTestObject("CERTPAY_QUICKSTI/Login_ Page/TELLER_ID"), teller_id, "Bureau code", [pageLoadTime]): Certpay_Quicksti.ts:Entered'zenq into Bureau code&#xD;
&#xD;
2019-09-27 07:20:58 - [MESSAGE][PASSED] - Object 'Object Repository/CERTPAY_QUICKSTI/Login_ Page/TELLER_ID' is present&#xD;
&#xD;
2019-09-27 07:20:58 - [MESSAGE][WARNING] - Timeout '0' is invalid. Using default page load timeout: '30'&#xD;
&#xD;
2019-09-27 07:20:59 - [MESSAGE][PASSED] - Text 'zenq' is set on object 'Object Repository/CERTPAY_QUICKSTI/Login_ Page/TELLER_ID'&#xD;
&#xD;
2019-09-27 07:20:59 - [MESSAGE][PASSED] - Certpay_Quicksti.ts:Entered'zenq into Bureau code&#xD;
&#xD;
2019-09-27 07:20:59 - [TEST_STEP][PASSED] - utilities.SafeActions.safeClick(findTestObject("CERTPAY_QUICKSTI/Login_ Page/NEXT_BUTTON"), "Next button", [pageLoadTime]): Certpay_Quicksti.ts:Clicked on the Next button&#xD;
&#xD;
2019-09-27 07:20:59 - [MESSAGE][INFO] - safeClicking&#xD;
&#xD;
2019-09-27 07:20:59 - [MESSAGE][PASSED] - Object 'Object Repository/CERTPAY_QUICKSTI/Login_ Page/NEXT_BUTTON' is present&#xD;
&#xD;
2019-09-27 07:20:59 - [MESSAGE][PASSED] - Object 'Object Repository/CERTPAY_QUICKSTI/Login_ Page/NEXT_BUTTON' is clickable&#xD;
&#xD;
2019-09-27 07:20:59 - [MESSAGE][WARNING] - Timeout '0' is invalid. Using default page load timeout: '30'&#xD;
&#xD;
2019-09-27 07:21:00 - [MESSAGE][PASSED] - Object: 'Object Repository/CERTPAY_QUICKSTI/Login_ Page/NEXT_BUTTON' is clicked on&#xD;
&#xD;
2019-09-27 07:21:00 - [MESSAGE][PASSED] - Certpay_Quicksti.ts:Clicked on the Next button&#xD;
&#xD;
2019-09-27 07:21:00 - [TEST_STEP][PASSED] - utilities.SafeActions.safeType(findTestObject("CERTPAY_QUICKSTI/Multi_Bureau_Page/COMMENTS"), comments, "Payment Amount", [pageLoadTime]): Certpay_Quicksti.ts:Entered'Testing into Payment Amount&#xD;
&#xD;
2019-09-27 07:21:00 - [MESSAGE][PASSED] - Object 'Object Repository/CERTPAY_QUICKSTI/Multi_Bureau_Page/COMMENTS' is present&#xD;
&#xD;
2019-09-27 07:21:00 - [MESSAGE][WARNING] - Timeout '0' is invalid. Using default page load timeout: '30'&#xD;
&#xD;
2019-09-27 07:21:01 - [MESSAGE][PASSED] - Text 'Testing' is set on object 'Object Repository/CERTPAY_QUICKSTI/Multi_Bureau_Page/COMMENTS'&#xD;
&#xD;
2019-09-27 07:21:01 - [MESSAGE][PASSED] - Certpay_Quicksti.ts:Entered'Testing into Payment Amount&#xD;
&#xD;
2019-09-27 07:21:01 - [TEST_STEP][PASSED] - utilities.SafeActions.safeType(findTestObject("CERTPAY_QUICKSTI/Payment_Information_Page/PAYMENT_AMOUNT"), paymentAmount, "Payment Amount", [pageLoadTime]): Certpay_Quicksti.ts:Entered'22.00 into Payment Amount&#xD;
&#xD;
2019-09-27 07:21:01 - [MESSAGE][PASSED] - Object 'Object Repository/CERTPAY_QUICKSTI/Payment_Information_Page/PAYMENT_AMOUNT' is present&#xD;
&#xD;
2019-09-27 07:21:01 - [MESSAGE][WARNING] - Timeout '0' is invalid. Using default page load timeout: '30'&#xD;
&#xD;
2019-09-27 07:21:02 - [MESSAGE][PASSED] - Text '22.00' is set on object 'Object Repository/CERTPAY_QUICKSTI/Payment_Information_Page/PAYMENT_AMOUNT'&#xD;
&#xD;
2019-09-27 07:21:02 - [MESSAGE][PASSED] - Certpay_Quicksti.ts:Entered'22.00 into Payment Amount&#xD;
&#xD;
2019-09-27 07:21:02 - [TEST_STEP][PASSED] - pages.Quicksti.setAmountDetailsForMultiBureau("0", paymentType, "0", referenceNum, quantity): Certpay_Quicksti.ts:Entered'2 into Quntity&#xD;
&#xD;
2019-09-27 07:21:02 - [MESSAGE][PASSED] - Object '' is present&#xD;
&#xD;
2019-09-27 07:21:02 - [MESSAGE][PASSED] - Object: '' is clicked on&#xD;
&#xD;
2019-09-27 07:21:03 - [MESSAGE][PASSED] - All options with label 'Licenses' are selected in object '' &#xD;
&#xD;
2019-09-27 07:21:03 - [MESSAGE][PASSED] - selected dropdown option by visible text  Licensesfrom Payment Type&#xD;
&#xD;
2019-09-27 07:21:03 - [MESSAGE][PASSED] - Object '' is present&#xD;
&#xD;
2019-09-27 07:21:03 - [MESSAGE][WARNING] - Timeout '0' is invalid. Using default page load timeout: '30'&#xD;
&#xD;
2019-09-27 07:21:03 - [MESSAGE][PASSED] - Text '11' is set on object ''&#xD;
&#xD;
2019-09-27 07:21:03 - [MESSAGE][PASSED] - Certpay_Quicksti.ts:Entered'11 into RefrenceNumber&#xD;
&#xD;
2019-09-27 07:21:03 - [MESSAGE][PASSED] - Object '' is present&#xD;
&#xD;
2019-09-27 07:21:03 - [MESSAGE][WARNING] - Timeout '0' is invalid. Using default page load timeout: '30'&#xD;
&#xD;
2019-09-27 07:21:04 - [MESSAGE][PASSED] - Text '2' is set on object ''&#xD;
&#xD;
2019-09-27 07:21:04 - [MESSAGE][PASSED] - Certpay_Quicksti.ts:Entered'2 into Quntity&#xD;
&#xD;
2019-09-27 07:21:04 - [TEST_STEP][PASSED] - utilities.SafeActions.safeType(findTestObject("CERTPAY_QUICKSTI/Multi_Bureau_Page/COMMENTS_2"), comments, "Payment Amount", [pageLoadTime]): Certpay_Quicksti.ts:Entered'Testing into Payment Amount&#xD;
&#xD;
2019-09-27 07:21:04 - [MESSAGE][PASSED] - Object 'Object Repository/CERTPAY_QUICKSTI/Multi_Bureau_Page/COMMENTS_2' is present&#xD;
&#xD;
2019-09-27 07:21:04 - [MESSAGE][WARNING] - Timeout '0' is invalid. Using default page load timeout: '30'&#xD;
&#xD;
2019-09-27 07:21:05 - [MESSAGE][PASSED] - Text 'Testing' is set on object 'Object Repository/CERTPAY_QUICKSTI/Multi_Bureau_Page/COMMENTS_2'&#xD;
&#xD;
2019-09-27 07:21:05 - [MESSAGE][PASSED] - Certpay_Quicksti.ts:Entered'Testing into Payment Amount&#xD;
&#xD;
2019-09-27 07:21:05 - [TEST_STEP][PASSED] - utilities.SafeActions.safeType(findTestObject("CERTPAY_QUICKSTI/Payment_Information_Page/PAYMENT_AMOUNT"), paymentAmount2, "Payment Amount", [pageLoadTime]): Certpay_Quicksti.ts:Entered'33.00 into Payment Amount&#xD;
&#xD;
2019-09-27 07:21:05 - [MESSAGE][PASSED] - Object 'Object Repository/CERTPAY_QUICKSTI/Payment_Information_Page/PAYMENT_AMOUNT' is present&#xD;
&#xD;
2019-09-27 07:21:05 - [MESSAGE][WARNING] - Timeout '0' is invalid. Using default page load timeout: '30'&#xD;
&#xD;
2019-09-27 07:21:06 - [MESSAGE][PASSED] - Text '33.00' is set on object 'Object Repository/CERTPAY_QUICKSTI/Payment_Information_Page/PAYMENT_AMOUNT'&#xD;
&#xD;
2019-09-27 07:21:06 - [MESSAGE][PASSED] - Certpay_Quicksti.ts:Entered'33.00 into Payment Amount&#xD;
&#xD;
2019-09-27 07:21:06 - [TEST_STEP][PASSED] - pages.Quicksti.setAmountDetailsForMultiBureau("1", paymentType, "0", referenceNum2, quantity): Certpay_Quicksti.ts:Entered'2 into Quntity&#xD;
&#xD;
2019-09-27 07:21:06 - [MESSAGE][PASSED] - Object '' is present&#xD;
&#xD;
2019-09-27 07:21:06 - [MESSAGE][PASSED] - Object: '' is clicked on&#xD;
&#xD;
2019-09-27 07:21:07 - [MESSAGE][PASSED] - All options with label 'Licenses' are selected in object '' &#xD;
&#xD;
2019-09-27 07:21:07 - [MESSAGE][PASSED] - selected dropdown option by visible text  Licensesfrom Payment Type&#xD;
&#xD;
2019-09-27 07:21:07 - [MESSAGE][PASSED] - Object '' is present&#xD;
&#xD;
2019-09-27 07:21:07 - [MESSAGE][WARNING] - Timeout '0' is invalid. Using default page load timeout: '30'&#xD;
&#xD;
2019-09-27 07:21:07 - [MESSAGE][PASSED] - Text '12' is set on object ''&#xD;
&#xD;
2019-09-27 07:21:07 - [MESSAGE][PASSED] - Certpay_Quicksti.ts:Entered'12 into RefrenceNumber&#xD;
&#xD;
2019-09-27 07:21:07 - [MESSAGE][PASSED] - Object '' is present&#xD;
&#xD;
2019-09-27 07:21:07 - [MESSAGE][WARNING] - Timeout '0' is invalid. Using default page load timeout: '30'&#xD;
&#xD;
2019-09-27 07:21:08 - [MESSAGE][PASSED] - Text '2' is set on object ''&#xD;
&#xD;
2019-09-27 07:21:08 - [MESSAGE][PASSED] - Certpay_Quicksti.ts:Entered'2 into Quntity&#xD;
&#xD;
2019-09-27 07:21:08 - [TEST_STEP][PASSED] - utilities.SafeActions.safeClick(findTestObject("CERTPAY_QUICKSTI/Payment_Information_Page/MANUAL_ENTRY_BUTTON"), "ManualEntry", [pageLoadTime]): Certpay_Quicksti.ts:Clicked on the ManualEntry&#xD;
&#xD;
2019-09-27 07:21:08 - [MESSAGE][INFO] - safeClicking&#xD;
&#xD;
2019-09-27 07:21:08 - [MESSAGE][PASSED] - Object 'Object Repository/CERTPAY_QUICKSTI/Payment_Information_Page/MANUAL_ENTRY_BUTTON' is present&#xD;
&#xD;
2019-09-27 07:21:08 - [MESSAGE][PASSED] - Object 'Object Repository/CERTPAY_QUICKSTI/Payment_Information_Page/MANUAL_ENTRY_BUTTON' is clickable&#xD;
&#xD;
2019-09-27 07:21:08 - [MESSAGE][WARNING] - Timeout '0' is invalid. Using default page load timeout: '30'&#xD;
&#xD;
2019-09-27 07:21:09 - [MESSAGE][PASSED] - Object: 'Object Repository/CERTPAY_QUICKSTI/Payment_Information_Page/MANUAL_ENTRY_BUTTON' is clicked on&#xD;
&#xD;
2019-09-27 07:21:09 - [MESSAGE][PASSED] - Certpay_Quicksti.ts:Clicked on the ManualEntry&#xD;
&#xD;
2019-09-27 07:21:09 - [TEST_STEP][PASSED] - CardNumber = pages.Quicksti.setUserPaymentDetails(firstName, lastName, VISA): Certpay_Quicksti.ts:Entered'4358809181126610 into CardNum&#xD;
&#xD;
2019-09-27 07:21:09 - [MESSAGE][PASSED] - Object 'Object Repository/CERTPAY_QUICKSTI/Payment_Information_Page/FIRST_NAME' is present&#xD;
&#xD;
2019-09-27 07:21:09 - [MESSAGE][WARNING] - Timeout '0' is invalid. Using default page load timeout: '30'&#xD;
&#xD;
2019-09-27 07:21:10 - [MESSAGE][PASSED] - Text 'Venkata Sai' is set on object 'Object Repository/CERTPAY_QUICKSTI/Payment_Information_Page/FIRST_NAME'&#xD;
&#xD;
2019-09-27 07:21:10 - [MESSAGE][PASSED] - Certpay_Quicksti.ts:Entered'Venkata Sai into FirstName&#xD;
&#xD;
2019-09-27 07:21:10 - [MESSAGE][PASSED] - Object 'Object Repository/CERTPAY_QUICKSTI/Payment_Information_Page/LAST_NAME' is present&#xD;
&#xD;
2019-09-27 07:21:10 - [MESSAGE][WARNING] - Timeout '0' is invalid. Using default page load timeout: '30'&#xD;
&#xD;
2019-09-27 07:21:11 - [MESSAGE][PASSED] - Text 'Annam' is set on object 'Object Repository/CERTPAY_QUICKSTI/Payment_Information_Page/LAST_NAME'&#xD;
&#xD;
2019-09-27 07:21:11 - [MESSAGE][PASSED] - Certpay_Quicksti.ts:Entered'Annam into LAstName&#xD;
&#xD;
2019-09-27 07:21:11 - [MESSAGE][PASSED] - Object 'Object Repository/CERTPAY_QUICKSTI/Payment_Information_Page/CARD_NUMBER' is present&#xD;
&#xD;
2019-09-27 07:21:11 - [MESSAGE][WARNING] - Timeout '0' is invalid. Using default page load timeout: '30'&#xD;
&#xD;
2019-09-27 07:21:12 - [MESSAGE][PASSED] - Text '4358809181126610' is set on object 'Object Repository/CERTPAY_QUICKSTI/Payment_Information_Page/CARD_NUMBER'&#xD;
&#xD;
2019-09-27 07:21:12 - [MESSAGE][PASSED] - Certpay_Quicksti.ts:Entered'4358809181126610 into CardNum&#xD;
&#xD;
2019-09-27 07:21:12 - [TEST_STEP][PASSED] - pages.Quicksti.setExpDate(expMonth, expYear, securityCode): Certpay_Quicksti.ts:Entered'111 into securityCode&#xD;
&#xD;
2019-09-27 07:21:12 - [MESSAGE][PASSED] - Object 'Object Repository/CERTPAY_QUICKSTI/Payment_Information_Page/EXP_MONTH' is present&#xD;
&#xD;
2019-09-27 07:21:12 - [MESSAGE][PASSED] - Object: 'Object Repository/CERTPAY_QUICKSTI/Payment_Information_Page/EXP_MONTH' is clicked on&#xD;
&#xD;
2019-09-27 07:21:13 - [MESSAGE][PASSED] - All options with label '11' are selected in object 'Object Repository/CERTPAY_QUICKSTI/Payment_Information_Page/EXP_MONTH' &#xD;
&#xD;
2019-09-27 07:21:13 - [MESSAGE][PASSED] - selected dropdown option by visible text  11from expMonth&#xD;
&#xD;
2019-09-27 07:21:13 - [MESSAGE][PASSED] - Object 'Object Repository/CERTPAY_QUICKSTI/Payment_Information_Page/EXP_YEAR' is present&#xD;
&#xD;
2019-09-27 07:21:13 - [MESSAGE][PASSED] - Object: 'Object Repository/CERTPAY_QUICKSTI/Payment_Information_Page/EXP_YEAR' is clicked on&#xD;
&#xD;
2019-09-27 07:21:14 - [MESSAGE][PASSED] - All options with label '2020' are selected in object 'Object Repository/CERTPAY_QUICKSTI/Payment_Information_Page/EXP_YEAR' &#xD;
&#xD;
2019-09-27 07:21:14 - [MESSAGE][PASSED] - selected dropdown option by visible text  2020from  expYear&#xD;
&#xD;
2019-09-27 07:21:14 - [MESSAGE][PASSED] - Object 'Object Repository/CERTPAY_QUICKSTI/Payment_Information_Page/SECURITY_CODE' is present&#xD;
&#xD;
2019-09-27 07:21:14 - [MESSAGE][WARNING] - Timeout '0' is invalid. Using default page load timeout: '30'&#xD;
&#xD;
2019-09-27 07:21:14 - [MESSAGE][PASSED] - Text '111' is set on object 'Object Repository/CERTPAY_QUICKSTI/Payment_Information_Page/SECURITY_CODE'&#xD;
&#xD;
2019-09-27 07:21:14 - [MESSAGE][PASSED] - Certpay_Quicksti.ts:Entered'111 into securityCode&#xD;
&#xD;
2019-09-27 07:21:14 - [TEST_STEP][PASSED] - utilities.SafeActions.safeType(findTestObject("CERTPAY_QUICKSTI/Payment_Information_Page/ADDRESS"), address, "Address", [pageLoadTime]): Certpay_Quicksti.ts:Entered'23-9 into Address&#xD;
&#xD;
2019-09-27 07:21:14 - [MESSAGE][PASSED] - Object 'Object Repository/CERTPAY_QUICKSTI/Payment_Information_Page/ADDRESS' is present&#xD;
&#xD;
2019-09-27 07:21:14 - [MESSAGE][WARNING] - Timeout '0' is invalid. Using default page load timeout: '30'&#xD;
&#xD;
2019-09-27 07:21:15 - [MESSAGE][PASSED] - Text '23-9' is set on object 'Object Repository/CERTPAY_QUICKSTI/Payment_Information_Page/ADDRESS'&#xD;
&#xD;
2019-09-27 07:21:15 - [MESSAGE][PASSED] - Certpay_Quicksti.ts:Entered'23-9 into Address&#xD;
&#xD;
2019-09-27 07:21:15 - [TEST_STEP][PASSED] - utilities.SafeActions.safeType(findTestObject("CERTPAY_QUICKSTI/Payment_Information_Page/ZIP_CODE"), zipCode, "zipcode", [pageLoadTime]): Certpay_Quicksti.ts:Entered'76102 into zipcode&#xD;
&#xD;
2019-09-27 07:21:15 - [MESSAGE][PASSED] - Object 'Object Repository/CERTPAY_QUICKSTI/Payment_Information_Page/ZIP_CODE' is present&#xD;
&#xD;
2019-09-27 07:21:15 - [MESSAGE][WARNING] - Timeout '0' is invalid. Using default page load timeout: '30'&#xD;
&#xD;
2019-09-27 07:21:16 - [MESSAGE][PASSED] - Text '76102' is set on object 'Object Repository/CERTPAY_QUICKSTI/Payment_Information_Page/ZIP_CODE'&#xD;
&#xD;
2019-09-27 07:21:16 - [MESSAGE][PASSED] - Certpay_Quicksti.ts:Entered'76102 into zipcode&#xD;
&#xD;
2019-09-27 07:21:16 - [TEST_STEP][PASSED] - utilities.SafeActions.safeType(findTestObject("CERTPAY_QUICKSTI/Payment_Information_Page/TELEPHONE"), telephone, "Telephone", [pageLoadTime]): Certpay_Quicksti.ts:Entered'9967670046 into Telephone&#xD;
&#xD;
[...]
&#xD;
2019-09-27 07:26:32 - [MESSAGE][WARNING] - Timeout '0' is invalid. Using default page load timeout: '30'&#xD;
&#xD;
2019-09-27 07:26:33 - [MESSAGE][PASSED] - Text 'zenq' is set on object 'Object Repository/CERTPAY_QUICKSTI/Login_ Page/TELLER_ID'&#xD;
&#xD;
2019-09-27 07:26:33 - [MESSAGE][PASSED] - Certpay_Quicksti.ts:Entered'zenq into Bureau code&#xD;
&#xD;
2019-09-27 07:26:33 - [TEST_STEP][PASSED] - utilities.SafeActions.safeClick(findTestObject("CERTPAY_QUICKSTI/Login_ Page/NEXT_BUTTON"), "Next button", [pageLoadTime]): Certpay_Quicksti.ts:Clicked on the Next button&#xD;
&#xD;
2019-09-27 07:26:33 - [MESSAGE][INFO] - safeClicking&#xD;
&#xD;
2019-09-27 07:26:33 - [MESSAGE][PASSED] - Object 'Object Repository/CERTPAY_QUICKSTI/Login_ Page/NEXT_BUTTON' is present&#xD;
&#xD;
2019-09-27 07:26:33 - [MESSAGE][PASSED] - Object 'Object Repository/CERTPAY_QUICKSTI/Login_ Page/NEXT_BUTTON' is clickable&#xD;
&#xD;
2019-09-27 07:26:33 - [MESSAGE][WARNING] - Timeout '0' is invalid. Using default page load timeout: '30'&#xD;
&#xD;
2019-09-27 07:26:34 - [MESSAGE][PASSED] - Object: 'Object Repository/CERTPAY_QUICKSTI/Login_ Page/NEXT_BUTTON' is clicked on&#xD;
&#xD;
2019-09-27 07:26:34 - [MESSAGE][PASSED] - Certpay_Quicksti.ts:Clicked on the Next button&#xD;
&#xD;
2019-09-27 07:26:34 - [TEST_STEP][PASSED] - utilities.SafeActions.safeType(findTestObject("CERTPAY_QUICKSTI/Multi_Bureau_Page/COMMENTS"), comments, "Payment Amount", [pageLoadTime]): Certpay_Quicksti.ts:Entered'Test for Automation into Payment Amount&#xD;
&#xD;
2019-09-27 07:26:34 - [MESSAGE][PASSED] - Object 'Object Repository/CERTPAY_QUICKSTI/Multi_Bureau_Page/COMMENTS' is present&#xD;
&#xD;
2019-09-27 07:26:34 - [MESSAGE][WARNING] - Timeout '0' is invalid. Using default page load timeout: '30'&#xD;
&#xD;
2019-09-27 07:26:35 - [MESSAGE][PASSED] - Text 'Test for Automation' is set on object 'Object Repository/CERTPAY_QUICKSTI/Multi_Bureau_Page/COMMENTS'&#xD;
&#xD;
2019-09-27 07:26:35 - [MESSAGE][PASSED] - Certpay_Quicksti.ts:Entered'Test for Automation into Payment Amount&#xD;
&#xD;
2019-09-27 07:26:35 - [TEST_STEP][PASSED] - utilities.SafeActions.safeType(findTestObject("CERTPAY_QUICKSTI/Payment_Information_Page/PAYMENT_AMOUNT"), paymentAmount, "Payment Amount", [pageLoadTime]): Certpay_Quicksti.ts:Entered'25.00 into Payment Amount&#xD;
&#xD;
2019-09-27 07:26:35 - [MESSAGE][PASSED] - Object 'Object Repository/CERTPAY_QUICKSTI/Payment_Information_Page/PAYMENT_AMOUNT' is present&#xD;
&#xD;
2019-09-27 07:26:35 - [MESSAGE][WARNING] - Timeout '0' is invalid. Using default page load timeout: '30'&#xD;
&#xD;
2019-09-27 07:26:36 - [MESSAGE][PASSED] - Text '25.00' is set on object 'Object Repository/CERTPAY_QUICKSTI/Payment_Information_Page/PAYMENT_AMOUNT'&#xD;
&#xD;
2019-09-27 07:26:36 - [MESSAGE][PASSED] - Certpay_Quicksti.ts:Entered'25.00 into Payment Amount&#xD;
&#xD;
2019-09-27 07:26:36 - [TEST_STEP][PASSED] - pages.Quicksti.setAmountDetailsForMultiBureau("0", paymentType, "0", referenceNum, quantity): Certpay_Quicksti.ts:Entered'2 into Quntity&#xD;
&#xD;
2019-09-27 07:26:36 - [MESSAGE][PASSED] - Object '' is present&#xD;
&#xD;
2019-09-27 07:26:36 - [MESSAGE][PASSED] - Object: '' is clicked on&#xD;
&#xD;
2019-09-27 07:26:37 - [MESSAGE][PASSED] - All options with label 'Taxes' are selected in object '' &#xD;
&#xD;
2019-09-27 07:26:37 - [MESSAGE][PASSED] - selected dropdown option by visible text  Taxesfrom Payment Type&#xD;
&#xD;
2019-09-27 07:26:37 - [MESSAGE][PASSED] - Object '' is present&#xD;
&#xD;
2019-09-27 07:26:37 - [MESSAGE][WARNING] - Timeout '0' is invalid. Using default page load timeout: '30'&#xD;
&#xD;
2019-09-27 07:26:38 - [MESSAGE][PASSED] - Text '11' is set on object ''&#xD;
&#xD;
2019-09-27 07:26:38 - [MESSAGE][PASSED] - Certpay_Quicksti.ts:Entered'11 into RefrenceNumber&#xD;
&#xD;
2019-09-27 07:26:38 - [MESSAGE][PASSED] - Object '' is present&#xD;
&#xD;
2019-09-27 07:26:38 - [MESSAGE][WARNING] - Timeout '0' is invalid. Using default page load timeout: '30'&#xD;
&#xD;
2019-09-27 07:26:39 - [MESSAGE][PASSED] - Text '2' is set on object ''&#xD;
&#xD;
2019-09-27 07:26:39 - [MESSAGE][PASSED] - Certpay_Quicksti.ts:Entered'2 into Quntity&#xD;
&#xD;
2019-09-27 07:26:39 - [TEST_STEP][PASSED] - utilities.SafeActions.safeType(findTestObject("CERTPAY_QUICKSTI/Multi_Bureau_Page/COMMENTS_2"), comments, "Payment Amount", [pageLoadTime]): Certpay_Quicksti.ts:Entered'Test for Automation into Payment Amount&#xD;
&#xD;
2019-09-27 07:26:39 - [MESSAGE][PASSED] - Object 'Object Repository/CERTPAY_QUICKSTI/Multi_Bureau_Page/COMMENTS_2' is present&#xD;
&#xD;
2019-09-27 07:26:39 - [MESSAGE][WARNING] - Timeout '0' is invalid. Using default page load timeout: '30'&#xD;
&#xD;
2019-09-27 07:26:39 - [MESSAGE][PASSED] - Text 'Test for Automation' is set on object 'Object Repository/CERTPAY_QUICKSTI/Multi_Bureau_Page/COMMENTS_2'&#xD;
&#xD;
2019-09-27 07:26:39 - [MESSAGE][PASSED] - Certpay_Quicksti.ts:Entered'Test for Automation into Payment Amount&#xD;
&#xD;
2019-09-27 07:26:39 - [TEST_STEP][PASSED] - utilities.SafeActions.safeType(findTestObject("CERTPAY_QUICKSTI/Payment_Information_Page/PAYMENT_AMOUNT"), paymentAmount2, "Payment Amount", [pageLoadTime]): Certpay_Quicksti.ts:Entered'35.00 into Payment Amount&#xD;
&#xD;
2019-09-27 07:26:39 - [MESSAGE][PASSED] - Object 'Object Repository/CERTPAY_QUICKSTI/Payment_Information_Page/PAYMENT_AMOUNT' is present&#xD;
&#xD;
2019-09-27 07:26:39 - [MESSAGE][WARNING] - Timeout '0' is invalid. Using default page load timeout: '30'&#xD;
&#xD;
2019-09-27 07:26:40 - [MESSAGE][PASSED] - Text '35.00' is set on object 'Object Repository/CERTPAY_QUICKSTI/Payment_Information_Page/PAYMENT_AMOUNT'&#xD;
&#xD;
2019-09-27 07:26:40 - [MESSAGE][PASSED] - Certpay_Quicksti.ts:Entered'35.00 into Payment Amount&#xD;
&#xD;
2019-09-27 07:26:40 - [TEST_STEP][PASSED] - pages.Quicksti.setAmountDetailsForMultiBureau("1", paymentType, "0", referenceNum2, quantity): Certpay_Quicksti.ts:Entered'2 into Quntity&#xD;
&#xD;
2019-09-27 07:26:40 - [MESSAGE][PASSED] - Object '' is present&#xD;
&#xD;
2019-09-27 07:26:40 - [MESSAGE][PASSED] - Object: '' is clicked on&#xD;
&#xD;
2019-09-27 07:26:41 - [MESSAGE][PASSED] - All options with label 'Taxes' are selected in object '' &#xD;
&#xD;
2019-09-27 07:26:41 - [MESSAGE][PASSED] - selected dropdown option by visible text  Taxesfrom Payment Type&#xD;
&#xD;
2019-09-27 07:26:41 - [MESSAGE][PASSED] - Object '' is present&#xD;
&#xD;
2019-09-27 07:26:41 - [MESSAGE][WARNING] - Timeout '0' is invalid. Using default page load timeout: '30'&#xD;
&#xD;
2019-09-27 07:26:42 - [MESSAGE][PASSED] - Text '1' is set on object ''&#xD;
&#xD;
2019-09-27 07:26:42 - [MESSAGE][PASSED] - Certpay_Quicksti.ts:Entered'1 into RefrenceNumber&#xD;
&#xD;
2019-09-27 07:26:42 - [MESSAGE][PASSED] - Object '' is present&#xD;
&#xD;
2019-09-27 07:26:42 - [MESSAGE][WARNING] - Timeout '0' is invalid. Using default page load timeout: '30'&#xD;
&#xD;
2019-09-27 07:26:43 - [MESSAGE][PASSED] - Text '2' is set on object ''&#xD;
&#xD;
2019-09-27 07:26:43 - [MESSAGE][PASSED] - Certpay_Quicksti.ts:Entered'2 into Quntity&#xD;
&#xD;
2019-09-27 07:26:43 - [TEST_STEP][PASSED] - utilities.SafeActions.safeClick(findTestObject("CERTPAY_QUICKSTI/Payment_Information_Page/MANUAL_ENTRY_BUTTON"), "ManualEntry", [pageLoadTime]): Certpay_Quicksti.ts:Clicked on the ManualEntry&#xD;
&#xD;
2019-09-27 07:26:43 - [MESSAGE][INFO] - safeClicking&#xD;
&#xD;
2019-09-27 07:26:43 - [MESSAGE][PASSED] - Object 'Object Repository/CERTPAY_QUICKSTI/Payment_Information_Page/MANUAL_ENTRY_BUTTON' is present&#xD;
&#xD;
2019-09-27 07:26:43 - [MESSAGE][PASSED] - Object 'Object Repository/CERTPAY_QUICKSTI/Payment_Information_Page/MANUAL_ENTRY_BUTTON' is clickable&#xD;
&#xD;
2019-09-27 07:26:43 - [MESSAGE][WARNING] - Timeout '0' is invalid. Using default page load timeout: '30'&#xD;
&#xD;
2019-09-27 07:26:44 - [MESSAGE][PASSED] - Object: 'Object Repository/CERTPAY_QUICKSTI/Payment_Information_Page/MANUAL_ENTRY_BUTTON' is clicked on&#xD;
&#xD;
2019-09-27 07:26:44 - [MESSAGE][PASSED] - Certpay_Quicksti.ts:Clicked on the ManualEntry&#xD;
&#xD;
2019-09-27 07:26:44 - [TEST_STEP][PASSED] - CardNumber = pages.Quicksti.setUserPaymentDetails(firstName, lastName, AMEX_Card): Certpay_Quicksti.ts:Entered'374245003731006 into CardNum&#xD;
&#xD;
2019-09-27 07:26:44 - [MESSAGE][PASSED] - Object 'Object Repository/CERTPAY_QUICKSTI/Payment_Information_Page/FIRST_NAME' is present&#xD;
&#xD;
2019-09-27 07:26:44 - [MESSAGE][WARNING] - Timeout '0' is invalid. Using default page load timeout: '30'&#xD;
&#xD;
2019-09-27 07:26:44 - [MESSAGE][PASSED] - Text 'James' is set on object 'Object Repository/CERTPAY_QUICKSTI/Payment_Information_Page/FIRST_NAME'&#xD;
&#xD;
2019-09-27 07:26:44 - [MESSAGE][PASSED] - Certpay_Quicksti.ts:Entered'James into FirstName&#xD;
&#xD;
2019-09-27 07:26:45 - [MESSAGE][PASSED] - Object 'Object Repository/CERTPAY_QUICKSTI/Payment_Information_Page/LAST_NAME' is present&#xD;
&#xD;
2019-09-27 07:26:45 - [MESSAGE][WARNING] - Timeout '0' is invalid. Using default page load timeout: '30'&#xD;
&#xD;
2019-09-27 07:26:45 - [MESSAGE][PASSED] - Text 'Christo' is set on object 'Object Repository/CERTPAY_QUICKSTI/Payment_Information_Page/LAST_NAME'&#xD;
&#xD;
2019-09-27 07:26:45 - [MESSAGE][PASSED] - Certpay_Quicksti.ts:Entered'Christo into LAstName&#xD;
&#xD;
2019-09-27 07:26:45 - [MESSAGE][PASSED] - Object 'Object Repository/CERTPAY_QUICKSTI/Payment_Information_Page/CARD_NUMBER' is present&#xD;
&#xD;
2019-09-27 07:26:45 - [MESSAGE][WARNING] - Timeout '0' is invalid. Using default page load timeout: '30'&#xD;
&#xD;
2019-09-27 07:26:46 - [MESSAGE][PASSED] - Text '374245003731006' is set on object 'Object Repository/CERTPAY_QUICKSTI/Payment_Information_Page/CARD_NUMBER'&#xD;
&#xD;
2019-09-27 07:26:46 - [MESSAGE][PASSED] - Certpay_Quicksti.ts:Entered'374245003731006 into CardNum&#xD;
&#xD;
2019-09-27 07:26:46 - [TEST_STEP][PASSED] - pages.Quicksti.setExpDate(expMonth, expYear, securityCode): Certpay_Quicksti.ts:Entered'207 into securityCode&#xD;
&#xD;
2019-09-27 07:26:46 - [MESSAGE][PASSED] - Object 'Object Repository/CERTPAY_QUICKSTI/Payment_Information_Page/EXP_MONTH' is present&#xD;
&#xD;
2019-09-27 07:26:46 - [MESSAGE][PASSED] - Object: 'Object Repository/CERTPAY_QUICKSTI/Payment_Information_Page/EXP_MONTH' is clicked on&#xD;
&#xD;
2019-09-27 07:26:47 - [MESSAGE][PASSED] - All options with label '01' are selected in object 'Object Repository/CERTPAY_QUICKSTI/Payment_Information_Page/EXP_MONTH' &#xD;
&#xD;
2019-09-27 07:26:47 - [MESSAGE][PASSED] - selected dropdown option by visible text  01from expMonth&#xD;
&#xD;
2019-09-27 07:26:47 - [MESSAGE][PASSED] - Object 'Object Repository/CERTPAY_QUICKSTI/Payment_Information_Page/EXP_YEAR' is present&#xD;
&#xD;
2019-09-27 07:26:47 - [MESSAGE][PASSED] - Object: 'Object Repository/CERTPAY_QUICKSTI/Payment_Information_Page/EXP_YEAR' is clicked on&#xD;
&#xD;
2019-09-27 07:26:48 - [MESSAGE][PASSED] - All options with label '2022' are selected in object 'Object Repository/CERTPAY_QUICKSTI/Payment_Information_Page/EXP_YEAR' &#xD;
&#xD;
2019-09-27 07:26:48 - [MESSAGE][PASSED] - selected dropdown option by visible text  2022from  expYear&#xD;
&#xD;
2019-09-27 07:26:48 - [MESSAGE][PASSED] - Object 'Object Repository/CERTPAY_QUICKSTI/Payment_Information_Page/SECURITY_CODE' is present&#xD;
&#xD;
2019-09-27 07:26:48 - [MESSAGE][WARNING] - Timeout '0' is invalid. Using default page load timeout: '30'&#xD;
&#xD;
2019-09-27 07:26:48 - [MESSAGE][PASSED] - Text '207' is set on object 'Object Repository/CERTPAY_QUICKSTI/Payment_Information_Page/SECURITY_CODE'&#xD;
&#xD;
2019-09-27 07:26:48 - [MESSAGE][PASSED] - Certpay_Quicksti.ts:Entered'207 into securityCode&#xD;
&#xD;
2019-09-27 07:26:48 - [TEST_STEP][PASSED] - utilities.SafeActions.safeType(findTestObject("CERTPAY_QUICKSTI/Payment_Information_Page/ADDRESS"), address, "Address", [pageLoadTime]): Certpay_Quicksti.ts:Entered'12-8 into Address&#xD;
&#xD;
2019-09-27 07:26:49 - [MESSAGE][PASSED] - Object 'Object Repository/CERTPAY_QUICKSTI/Payment_Information_Page/ADDRESS' is present&#xD;
&#xD;
2019-09-27 07:26:49 - [MESSAGE][WARNING] - Timeout '0' is invalid. Using default page load timeout: '30'&#xD;
&#xD;
2019-09-27 07:26:49 - [MESSAGE][PASSED] - Text '12-8' is set on object 'Object Repository/CERTPAY_QUICKSTI/Payment_Information_Page/ADDRESS'&#xD;
&#xD;
2019-09-27 07:26:49 - [MESSAGE][PASSED] - Certpay_Quicksti.ts:Entered'12-8 into Address&#xD;
&#xD;
2019-09-27 07:26:49 - [TEST_STEP][PASSED] - utilities.SafeActions.safeType(findTestObject("CERTPAY_QUICKSTI/Payment_Information_Page/ZIP_CODE"), zipCode, "zipcode", [pageLoadTime]): Certpay_Quicksti.ts:Entered'76102 into zipcode&#xD;
&#xD;
2019-09-27 07:26:49 - [MESSAGE][PASSED] - Object 'Object Repository/CERTPAY_QUICKSTI/Payment_Information_Page/ZIP_CODE' is present&#xD;
&#xD;
2019-09-27 07:26:49 - [MESSAGE][WARNING] - Timeout '0' is invalid. Using default page load timeout: '30'&#xD;
&#xD;
2019-09-27 07:26:50 - [MESSAGE][PASSED] - Text '76102' is set on object 'Object Repository/CERTPAY_QUICKSTI/Payment_Information_Page/ZIP_CODE'&#xD;
&#xD;
2019-09-27 07:26:50 - [MESSAGE][PASSED] - Certpay_Quicksti.ts:Entered'76102 into zipcode&#xD;
&#xD;
2019-09-27 07:26:50 - [TEST_STEP][PASSED] - utilities.SafeActions.safeType(findTestObject("CERTPAY_QUICKSTI/Payment_Information_Page/TELEPHONE"), telephone, "Telephone", [pageLoadTime]): Certpay_Quicksti.ts:Entered'9967670046 into Telephone&#xD;
&#xD;
2019-09-27 07:26:50 - [MESSAGE][PASSED] - Object 'Object Repository/CERTPAY_QUICKSTI/Payment_Information_Page/TELEPHONE' is present&#xD;
&#xD;
2019-09-27 07:26:50 - [MESSAGE][WARNING] - Timeout '0' is invalid. Using default page load timeout: '30'&#xD;
&#xD;
2019-09-27 07:26:51 - [MESSAGE][PASSED] - Text '9967670046' is set on object 'Object Repository/CERTPAY_QUICKSTI/Payment_Information_Page/TELEPHONE'&#xD;
&#xD;
2019-09-27 07:26:51 - [MESSAGE][PASSED] - Certpay_Quicksti.ts:Entered'9967670046 into Telephone&#xD;
&#xD;
2019-09-27 07:26:51 - [TEST_STEP][PASSED] - utilities.SafeActions.safeType(findTestObject("CERTPAY_QUICKSTI/Payment_Information_Page/EMAIL_ADDRESS"), emailAddress, "EMAIL address", [pageLoadTime]): Certpay_Quicksti.ts:Entered'testing@zenq.com into EMAIL address&#xD;
&#xD;
2019-09-27 07:26:51 - [MESSAGE][PASSED] - Object 'Object Repository/CERTPAY_QUICKSTI/Payment_Information_Page/EMAIL_ADDRESS' is present&#xD;
&#xD;
2019-09-27 07:26:51 - [MESSAGE][WARNING] - Timeout '0' is invalid. Using default page load timeout: '30'&#xD;
&#xD;
2019-09-27 07:26:52 - [MESSAGE][PASSED] - Text 'testing@zenq.com' is set on object 'Object Repository/CERTPAY_QUICKSTI/Payment_Information_Page/EMAIL_ADDRESS'&#xD;
&#xD;
2019-09-27 07:26:52 - [MESSAGE][PASSED] - Certpay_Quicksti.ts:Entered'testing@zenq.com into EMAIL address&#xD;
&#xD;
2019-09-27 07:26:52 - [TEST_STEP][PASSED] - utilities.SafeActions.safeClick(findTestObject("CERTPAY_QUICKSTI/Payment_Information_Page/NEXT_BUTTON"), "Next", [pageLoadTime]): Certpay_Quicksti.ts:Clicked on the Next&#xD;
&#xD;
2019-09-27 07:26:52 - [MESSAGE][INFO] - safeClicking&#xD;
&#xD;
2019-09-27 07:26:52 - [MESSAGE][PASSED] - Object 'Object Repository/CERTPAY_QUICKSTI/Payment_Information_Page/NEXT_BUTTON' is present&#xD;
&#xD;
2019-09-27 07:26:52 - [MESSAGE][PASSED] - Object 'Object Repository/CERTPAY_QUICKSTI/Payment_Information_Page/NEXT_BUTTON' is clickable&#xD;
&#xD;
2019-09-27 07:26:52 - [MESSAGE][WARNING] - Timeout '0' is invalid. Using default page load timeout: '30'&#xD;
&#xD;
2019-09-27 07:26:53 - [MESSAGE][PASSED] - Object: 'Object Repository/CERTPAY_QUICKSTI/Payment_Information_Page/NEXT_BUTTON' is clicked on&#xD;
&#xD;
2019-09-27 07:26:53 - [MESSAGE][PASSED] - Certpay_Quicksti.ts:Clicked on the Next&#xD;
&#xD;
2019-09-27 07:26:53 - [TEST_STEP][PASSED] - pages.Quicksti.verifyUserPaymentDetails(paymentAmount, firstName, lastName, CardNumber): pages.Quicksti.verifyUserPaymentDetails is PASSED&#xD;
&#xD;
2019-09-27 07:26:53 - [MESSAGE][PASSED] - Text of object 'Object Repository/CERTPAY_QUICKSTI/Payment_Details_Verification_Page/AMOUNT' is: '$25.00'&#xD;
&#xD;
2019-09-27 07:26:53 - [MESSAGE][PASSED] - Actual text '25.00' and expected text '25.00' are matched  using regular expression&#xD;
&#xD;
2019-09-27 07:26:53 - [MESSAGE][PASSED] - Text of object 'Object Repository/CERTPAY_QUICKSTI/Payment_Details_Verification_Page/NAME' is: 'James Christo'&#xD;
&#xD;
2019-09-27 07:26:53 - [MESSAGE][PASSED] - Actual text 'James Christo' and expected text 'James Christo' are matched  using regular expression&#xD;
&#xD;
2019-09-27 07:26:53 - [MESSAGE][PASSED] - Text of object 'Object Repository/CERTPAY_QUICKSTI/Payment_Details_Verification_Page/CARD_NUMBER' is: '...1006'&#xD;
&#xD;
2019-09-27 07:26:53 - [MESSAGE][PASSED] - Actual text '1006' and expected text '1006' are matched  using regular expression&#xD;
&#xD;
2019-09-27 07:26:53 - [MESSAGE][PASSED] - pages.Quicksti.verifyUserPaymentDetails is PASSED&#xD;
&#xD;
2019-09-27 07:26:53 - [TEST_STEP][PASSED] - scrollToElement(findTestObject("CERTPAY_QUICKSTI/Payment_Details_Verification_Page/PROCESS"), 0): Scroll to object 'Object Repository/CERTPAY_QUICKSTI/Payment_Details_Verification_Page/PROCESS' successfully&#xD;
&#xD;
2019-09-27 07:26:53 - [MESSAGE][WARNING] - Timeout '0' is invalid. Using default page load timeout: '30'&#xD;
&#xD;
2019-09-27 07:26:53 - [MESSAGE][PASSED] - Scroll to object 'Object Repository/CERTPAY_QUICKSTI/Payment_Details_Verification_Page/PROCESS' successfully&#xD;
&#xD;
2019-09-27 07:26:53 - [TEST_STEP][PASSED] - utilities.SafeActions.safeClick(findTestObject("CERTPAY_QUICKSTI/Payment_Details_Verification_Page/PROCESS"), "Process", [pageLoadTime]): Certpay_Quicksti.ts:Clicked on the Process&#xD;
&#xD;
2019-09-27 07:26:53 - [MESSAGE][INFO] - safeClicking&#xD;
&#xD;
2019-09-27 07:26:53 - [MESSAGE][PASSED] - Object 'Object Repository/CERTPAY_QUICKSTI/Payment_Details_Verification_Page/PROCESS' is present&#xD;
&#xD;
2019-09-27 07:26:53 - [MESSAGE][PASSED] - Object 'Object Repository/CERTPAY_QUICKSTI/Payment_Details_Verification_Page/PROCESS' is clickable&#xD;
&#xD;
2019-09-27 07:26:53 - [MESSAGE][WARNING] - Timeout '0' is invalid. Using default page load timeout: '30'&#xD;
&#xD;
2019-09-27 07:26:54 - [MESSAGE][PASSED] - Object: 'Object Repository/CERTPAY_QUICKSTI/Payment_Details_Verification_Page/PROCESS' is clicked on&#xD;
&#xD;
2019-09-27 07:26:54 - [MESSAGE][PASSED] - Certpay_Quicksti.ts:Clicked on the Process&#xD;
&#xD;
2019-09-27 07:26:54 - [TEST_STEP][PASSED] - PaymentId = pages.Quicksti.verifyPaymentApproval(findTestObject("CERTPAY_QUICKSTI/Payment_Details_Verification_Page/APPROVED")): Payment is approved&#xD;
&#xD;
2019-09-27 07:26:55 - [MESSAGE][PASSED] - Text of object 'Object Repository/CERTPAY_QUICKSTI/Payment_Details_Verification_Page/PAYMENT_ID' is: '100176026139'&#xD;
&#xD;
2019-09-27 07:26:55 - [MESSAGE][WARNING] - Timeout '0' is invalid. Using default page load timeout: '30'&#xD;
&#xD;
2019-09-27 07:26:55 - [MESSAGE][PASSED] - Object 'Object Repository/CERTPAY_QUICKSTI/Payment_Details_Verification_Page/APPROVED' is present&#xD;
&#xD;
2019-09-27 07:26:55 - [MESSAGE][PASSED] - Payment is approved&#xD;
&#xD;
2019-09-27 07:26:57 - [TEST_STEP][PASSED] - closeBrowser(): Browser is closed&#xD;
&#xD;
2019-09-27 07:26:57 - [MESSAGE][PASSED] - Browser is closed&#xD;
&#xD;
2019-09-27 07:26:57 - [TEST_STEP][PASSED] - Start tear down : tearDownTestCase: Method 'tearDownTestCase' complete successfully&#xD;
&#xD;
2019-09-27 07:26:57 - [MESSAGE][PASSED] - Method 'tearDownTestCase' complete successfully&#xD;
&#xD;
2019-09-27 07:26:57 - [TEST_STEP][PASSED] - Start listener action : afterTestCase: null</system-out>
            <system-err></system-err>
        </testcase>
        <system-out>2019-09-27 07:18:47 - [TEST_SUITE][INCOMPLETE] - Certpay_Quicksti: null</system-out>
        <system-err>2019-09-27 07:18:47 - [TEST_SUITE][INCOMPLETE] - Certpay_Quicksti: null</system-err>
    </testsuite>
</testsuites>
